{"/app/server/controller/body_part_controller.ts": {"path":"/app/server/controller/body_part_controller.ts","statementMap":{"0":{"start":{"line":6,"column":16},"end":{"line":26,"column":null}},"1":{"start":{"line":28,"column":20},"end":{"line":51,"column":null}},"2":{"start":{"line":8,"column":18},"end":{"line":8,"column":null}},"3":{"start":{"line":11,"column":2},"end":{"line":18,"column":null}},"4":{"start":{"line":12,"column":3},"end":{"line":16,"column":null}},"5":{"start":{"line":17,"column":3},"end":{"line":17,"column":null}},"6":{"start":{"line":21,"column":2},"end":{"line":25,"column":null}},"7":{"start":{"line":33,"column":18},"end":{"line":33,"column":null}},"8":{"start":{"line":35,"column":2},"end":{"line":42,"column":null}},"9":{"start":{"line":36,"column":3},"end":{"line":40,"column":null}},"10":{"start":{"line":41,"column":3},"end":{"line":41,"column":null}},"11":{"start":{"line":46,"column":2},"end":{"line":50,"column":null}}},"fnMap":{"0":{"name":"(anonymous_0)","decl":{"start":{"line":6,"column":16},"end":{"line":6,"column":23}},"loc":{"start":{"line":6,"column":56},"end":{"line":26,"column":null}},"line":6},"1":{"name":"(anonymous_1)","decl":{"start":{"line":28,"column":20},"end":{"line":28,"column":27}},"loc":{"start":{"line":28,"column":59},"end":{"line":51,"column":null}},"line":28}},"branchMap":{"0":{"loc":{"start":{"line":11,"column":2},"end":{"line":18,"column":null}},"type":"if","locations":[{"start":{"line":11,"column":2},"end":{"line":18,"column":null}},{"start":{},"end":{}}],"line":11},"1":{"loc":{"start":{"line":15,"column":5},"end":{"line":15,"column":null}},"type":"cond-expr","locations":[{"start":{"line":15,"column":45},"end":{"line":15,"column":55}},{"start":{"line":15,"column":55},"end":{"line":15,"column":null}}],"line":15},"2":{"loc":{"start":{"line":35,"column":2},"end":{"line":42,"column":null}},"type":"if","locations":[{"start":{"line":35,"column":2},"end":{"line":42,"column":null}},{"start":{},"end":{}}],"line":35},"3":{"loc":{"start":{"line":39,"column":5},"end":{"line":39,"column":null}},"type":"cond-expr","locations":[{"start":{"line":39,"column":45},"end":{"line":39,"column":55}},{"start":{"line":39,"column":55},"end":{"line":39,"column":null}}],"line":39}},"s":{"0":0,"1":0,"2":0,"3":0,"4":0,"5":0,"6":0,"7":0,"8":0,"9":0,"10":0,"11":0},"f":{"0":0,"1":0},"b":{"0":[0,0],"1":[0,0],"2":[0,0],"3":[0,0]},"meta":{"lastBranch":4,"lastFunction":2,"lastStatement":12,"seen":{"s:6:16:26:Infinity":0,"s:28:20:51:Infinity":1,"f:6:16:6:23":0,"s:8:18:8:Infinity":2,"b:11:2:18:Infinity:undefined:undefined:undefined:undefined":0,"s:11:2:18:Infinity":3,"s:12:3:16:Infinity":4,"b:15:45:15:55:15:55:15:Infinity":1,"s:17:3:17:Infinity":5,"s:21:2:25:Infinity":6,"f:28:20:28:27":1,"s:33:18:33:Infinity":7,"b:35:2:42:Infinity:undefined:undefined:undefined:undefined":2,"s:35:2:42:Infinity":8,"s:36:3:40:Infinity":9,"b:39:45:39:55:39:55:39:Infinity":3,"s:41:3:41:Infinity":10,"s:46:2:50:Infinity":11}}}
,"/app/server/controller/category_controller.ts": {"path":"/app/server/controller/category_controller.ts","statementMap":{"0":{"start":{"line":6,"column":16},"end":{"line":26,"column":null}},"1":{"start":{"line":28,"column":20},"end":{"line":51,"column":null}},"2":{"start":{"line":8,"column":18},"end":{"line":8,"column":null}},"3":{"start":{"line":11,"column":2},"end":{"line":18,"column":null}},"4":{"start":{"line":12,"column":3},"end":{"line":16,"column":null}},"5":{"start":{"line":17,"column":3},"end":{"line":17,"column":null}},"6":{"start":{"line":21,"column":2},"end":{"line":25,"column":null}},"7":{"start":{"line":33,"column":18},"end":{"line":33,"column":null}},"8":{"start":{"line":35,"column":2},"end":{"line":42,"column":null}},"9":{"start":{"line":36,"column":3},"end":{"line":40,"column":null}},"10":{"start":{"line":41,"column":3},"end":{"line":41,"column":null}},"11":{"start":{"line":46,"column":2},"end":{"line":50,"column":null}}},"fnMap":{"0":{"name":"(anonymous_0)","decl":{"start":{"line":6,"column":16},"end":{"line":6,"column":23}},"loc":{"start":{"line":6,"column":56},"end":{"line":26,"column":null}},"line":6},"1":{"name":"(anonymous_1)","decl":{"start":{"line":28,"column":20},"end":{"line":28,"column":27}},"loc":{"start":{"line":28,"column":59},"end":{"line":51,"column":null}},"line":28}},"branchMap":{"0":{"loc":{"start":{"line":11,"column":2},"end":{"line":18,"column":null}},"type":"if","locations":[{"start":{"line":11,"column":2},"end":{"line":18,"column":null}},{"start":{},"end":{}}],"line":11},"1":{"loc":{"start":{"line":15,"column":5},"end":{"line":15,"column":null}},"type":"cond-expr","locations":[{"start":{"line":15,"column":45},"end":{"line":15,"column":55}},{"start":{"line":15,"column":55},"end":{"line":15,"column":null}}],"line":15},"2":{"loc":{"start":{"line":35,"column":2},"end":{"line":42,"column":null}},"type":"if","locations":[{"start":{"line":35,"column":2},"end":{"line":42,"column":null}},{"start":{},"end":{}}],"line":35},"3":{"loc":{"start":{"line":39,"column":5},"end":{"line":39,"column":null}},"type":"cond-expr","locations":[{"start":{"line":39,"column":45},"end":{"line":39,"column":55}},{"start":{"line":39,"column":55},"end":{"line":39,"column":null}}],"line":39}},"s":{"0":0,"1":0,"2":0,"3":0,"4":0,"5":0,"6":0,"7":0,"8":0,"9":0,"10":0,"11":0},"f":{"0":0,"1":0},"b":{"0":[0,0],"1":[0,0],"2":[0,0],"3":[0,0]},"meta":{"lastBranch":4,"lastFunction":2,"lastStatement":12,"seen":{"s:6:16:26:Infinity":0,"s:28:20:51:Infinity":1,"f:6:16:6:23":0,"s:8:18:8:Infinity":2,"b:11:2:18:Infinity:undefined:undefined:undefined:undefined":0,"s:11:2:18:Infinity":3,"s:12:3:16:Infinity":4,"b:15:45:15:55:15:55:15:Infinity":1,"s:17:3:17:Infinity":5,"s:21:2:25:Infinity":6,"f:28:20:28:27":1,"s:33:18:33:Infinity":7,"b:35:2:42:Infinity:undefined:undefined:undefined:undefined":2,"s:35:2:42:Infinity":8,"s:36:3:40:Infinity":9,"b:39:45:39:55:39:55:39:Infinity":3,"s:41:3:41:Infinity":10,"s:46:2:50:Infinity":11}}}
,"/app/server/controller/contact_controller.ts": {"path":"/app/server/controller/contact_controller.ts","statementMap":{"0":{"start":{"line":6,"column":16},"end":{"line":16,"column":null}},"1":{"start":{"line":18,"column":17},"end":{"line":31,"column":null}},"2":{"start":{"line":8,"column":18},"end":{"line":8,"column":null}},"3":{"start":{"line":11,"column":2},"end":{"line":15,"column":null}},"4":{"start":{"line":20,"column":18},"end":{"line":23,"column":null}},"5":{"start":{"line":26,"column":2},"end":{"line":30,"column":null}}},"fnMap":{"0":{"name":"(anonymous_0)","decl":{"start":{"line":6,"column":16},"end":{"line":6,"column":23}},"loc":{"start":{"line":6,"column":56},"end":{"line":16,"column":null}},"line":6},"1":{"name":"(anonymous_1)","decl":{"start":{"line":18,"column":17},"end":{"line":18,"column":24}},"loc":{"start":{"line":18,"column":56},"end":{"line":31,"column":null}},"line":18}},"branchMap":{},"s":{"0":0,"1":0,"2":0,"3":0,"4":0,"5":0},"f":{"0":0,"1":0},"b":{},"meta":{"lastBranch":0,"lastFunction":2,"lastStatement":6,"seen":{"s:6:16:16:Infinity":0,"s:18:17:31:Infinity":1,"f:6:16:6:23":0,"s:8:18:8:Infinity":2,"s:11:2:15:Infinity":3,"f:18:17:18:24":1,"s:20:18:23:Infinity":4,"s:26:2:30:Infinity":5}}}
,"/app/server/controller/homepage_controller.ts": {"path":"/app/server/controller/homepage_controller.ts","statementMap":{"0":{"start":{"line":5,"column":16},"end":{"line":11,"column":null}},"1":{"start":{"line":7,"column":2},"end":{"line":10,"column":null}}},"fnMap":{"0":{"name":"(anonymous_0)","decl":{"start":{"line":5,"column":16},"end":{"line":5,"column":17}},"loc":{"start":{"line":5,"column":50},"end":{"line":11,"column":null}},"line":5}},"branchMap":{},"s":{"0":1,"1":1},"f":{"0":1},"b":{},"meta":{"lastBranch":0,"lastFunction":1,"lastStatement":2,"seen":{"s:5:16:11:Infinity":0,"f:5:16:5:17":0,"s:7:2:10:Infinity":1}}}
,"/app/server/controller/pack_controller.ts": {"path":"/app/server/controller/pack_controller.ts","statementMap":{"0":{"start":{"line":6,"column":16},"end":{"line":26,"column":null}},"1":{"start":{"line":28,"column":20},"end":{"line":51,"column":null}},"2":{"start":{"line":8,"column":18},"end":{"line":8,"column":null}},"3":{"start":{"line":11,"column":2},"end":{"line":18,"column":null}},"4":{"start":{"line":12,"column":3},"end":{"line":16,"column":null}},"5":{"start":{"line":17,"column":3},"end":{"line":17,"column":null}},"6":{"start":{"line":21,"column":2},"end":{"line":25,"column":null}},"7":{"start":{"line":33,"column":18},"end":{"line":33,"column":null}},"8":{"start":{"line":35,"column":2},"end":{"line":42,"column":null}},"9":{"start":{"line":36,"column":3},"end":{"line":40,"column":null}},"10":{"start":{"line":41,"column":3},"end":{"line":41,"column":null}},"11":{"start":{"line":46,"column":2},"end":{"line":50,"column":null}}},"fnMap":{"0":{"name":"(anonymous_0)","decl":{"start":{"line":6,"column":16},"end":{"line":6,"column":23}},"loc":{"start":{"line":6,"column":56},"end":{"line":26,"column":null}},"line":6},"1":{"name":"(anonymous_1)","decl":{"start":{"line":28,"column":20},"end":{"line":28,"column":27}},"loc":{"start":{"line":28,"column":59},"end":{"line":51,"column":null}},"line":28}},"branchMap":{"0":{"loc":{"start":{"line":11,"column":2},"end":{"line":18,"column":null}},"type":"if","locations":[{"start":{"line":11,"column":2},"end":{"line":18,"column":null}},{"start":{},"end":{}}],"line":11},"1":{"loc":{"start":{"line":15,"column":5},"end":{"line":15,"column":null}},"type":"cond-expr","locations":[{"start":{"line":15,"column":45},"end":{"line":15,"column":55}},{"start":{"line":15,"column":55},"end":{"line":15,"column":null}}],"line":15},"2":{"loc":{"start":{"line":35,"column":2},"end":{"line":42,"column":null}},"type":"if","locations":[{"start":{"line":35,"column":2},"end":{"line":42,"column":null}},{"start":{},"end":{}}],"line":35},"3":{"loc":{"start":{"line":39,"column":5},"end":{"line":39,"column":null}},"type":"cond-expr","locations":[{"start":{"line":39,"column":45},"end":{"line":39,"column":55}},{"start":{"line":39,"column":55},"end":{"line":39,"column":null}}],"line":39}},"s":{"0":0,"1":0,"2":0,"3":0,"4":0,"5":0,"6":0,"7":0,"8":0,"9":0,"10":0,"11":0},"f":{"0":0,"1":0},"b":{"0":[0,0],"1":[0,0],"2":[0,0],"3":[0,0]},"meta":{"lastBranch":4,"lastFunction":2,"lastStatement":12,"seen":{"s:6:16:26:Infinity":0,"s:28:20:51:Infinity":1,"f:6:16:6:23":0,"s:8:18:8:Infinity":2,"b:11:2:18:Infinity:undefined:undefined:undefined:undefined":0,"s:11:2:18:Infinity":3,"s:12:3:16:Infinity":4,"b:15:45:15:55:15:55:15:Infinity":1,"s:17:3:17:Infinity":5,"s:21:2:25:Infinity":6,"f:28:20:28:27":1,"s:33:18:33:Infinity":7,"b:35:2:42:Infinity:undefined:undefined:undefined:undefined":2,"s:35:2:42:Infinity":8,"s:36:3:40:Infinity":9,"b:39:45:39:55:39:55:39:Infinity":3,"s:41:3:41:Infinity":10,"s:46:2:50:Infinity":11}}}
,"/app/server/controller/product_controller.ts": {"path":"/app/server/controller/product_controller.ts","statementMap":{"0":{"start":{"line":8,"column":16},"end":{"line":28,"column":null}},"1":{"start":{"line":30,"column":20},"end":{"line":53,"column":null}},"2":{"start":{"line":55,"column":17},"end":{"line":95,"column":null}},"3":{"start":{"line":97,"column":17},"end":{"line":144,"column":null}},"4":{"start":{"line":146,"column":17},"end":{"line":170,"column":null}},"5":{"start":{"line":10,"column":18},"end":{"line":10,"column":null}},"6":{"start":{"line":13,"column":2},"end":{"line":20,"column":null}},"7":{"start":{"line":14,"column":3},"end":{"line":18,"column":null}},"8":{"start":{"line":19,"column":3},"end":{"line":19,"column":null}},"9":{"start":{"line":23,"column":2},"end":{"line":27,"column":null}},"10":{"start":{"line":35,"column":18},"end":{"line":35,"column":null}},"11":{"start":{"line":37,"column":2},"end":{"line":44,"column":null}},"12":{"start":{"line":38,"column":3},"end":{"line":42,"column":null}},"13":{"start":{"line":43,"column":3},"end":{"line":43,"column":null}},"14":{"start":{"line":48,"column":2},"end":{"line":52,"column":null}},"15":{"start":{"line":60,"column":3},"end":{"line":61,"column":null}},"16":{"start":{"line":64,"column":22},"end":{"line":64,"column":null}},"17":{"start":{"line":67,"column":19},"end":{"line":67,"column":null}},"18":{"start":{"line":73,"column":18},"end":{"line":76,"column":null}},"19":{"start":{"line":79,"column":2},"end":{"line":86,"column":null}},"20":{"start":{"line":80,"column":3},"end":{"line":84,"column":null}},"21":{"start":{"line":85,"column":3},"end":{"line":85,"column":null}},"22":{"start":{"line":90,"column":2},"end":{"line":94,"column":null}},"23":{"start":{"line":101,"column":3},"end":{"line":102,"column":null}},"24":{"start":{"line":105,"column":22},"end":{"line":105,"column":null}},"25":{"start":{"line":109,"column":2},"end":{"line":116,"column":null}},"26":{"start":{"line":111,"column":3},"end":{"line":111,"column":null}},"27":{"start":{"line":113,"column":3},"end":{"line":115,"column":null}},"28":{"start":{"line":121,"column":18},"end":{"line":124,"column":null}},"29":{"start":{"line":128,"column":2},"end":{"line":135,"column":null}},"30":{"start":{"line":129,"column":3},"end":{"line":133,"column":null}},"31":{"start":{"line":134,"column":3},"end":{"line":134,"column":null}},"32":{"start":{"line":139,"column":2},"end":{"line":143,"column":null}},"33":{"start":{"line":148,"column":2},"end":{"line":148,"column":null}},"34":{"start":{"line":151,"column":18},"end":{"line":151,"column":null}},"35":{"start":{"line":154,"column":2},"end":{"line":161,"column":null}},"36":{"start":{"line":155,"column":3},"end":{"line":159,"column":null}},"37":{"start":{"line":160,"column":3},"end":{"line":160,"column":null}},"38":{"start":{"line":165,"column":2},"end":{"line":169,"column":null}}},"fnMap":{"0":{"name":"(anonymous_0)","decl":{"start":{"line":8,"column":16},"end":{"line":8,"column":23}},"loc":{"start":{"line":8,"column":56},"end":{"line":28,"column":null}},"line":8},"1":{"name":"(anonymous_1)","decl":{"start":{"line":30,"column":20},"end":{"line":30,"column":27}},"loc":{"start":{"line":30,"column":59},"end":{"line":53,"column":null}},"line":30},"2":{"name":"(anonymous_2)","decl":{"start":{"line":55,"column":17},"end":{"line":55,"column":24}},"loc":{"start":{"line":55,"column":56},"end":{"line":95,"column":null}},"line":55},"3":{"name":"(anonymous_3)","decl":{"start":{"line":97,"column":17},"end":{"line":97,"column":24}},"loc":{"start":{"line":97,"column":56},"end":{"line":144,"column":null}},"line":97},"4":{"name":"(anonymous_4)","decl":{"start":{"line":146,"column":17},"end":{"line":146,"column":24}},"loc":{"start":{"line":146,"column":56},"end":{"line":170,"column":null}},"line":146}},"branchMap":{"0":{"loc":{"start":{"line":13,"column":2},"end":{"line":20,"column":null}},"type":"if","locations":[{"start":{"line":13,"column":2},"end":{"line":20,"column":null}},{"start":{},"end":{}}],"line":13},"1":{"loc":{"start":{"line":17,"column":5},"end":{"line":17,"column":null}},"type":"cond-expr","locations":[{"start":{"line":17,"column":45},"end":{"line":17,"column":55}},{"start":{"line":17,"column":55},"end":{"line":17,"column":null}}],"line":17},"2":{"loc":{"start":{"line":37,"column":2},"end":{"line":44,"column":null}},"type":"if","locations":[{"start":{"line":37,"column":2},"end":{"line":44,"column":null}},{"start":{},"end":{}}],"line":37},"3":{"loc":{"start":{"line":41,"column":5},"end":{"line":41,"column":null}},"type":"cond-expr","locations":[{"start":{"line":41,"column":45},"end":{"line":41,"column":55}},{"start":{"line":41,"column":55},"end":{"line":41,"column":null}}],"line":41},"4":{"loc":{"start":{"line":79,"column":2},"end":{"line":86,"column":null}},"type":"if","locations":[{"start":{"line":79,"column":2},"end":{"line":86,"column":null}},{"start":{},"end":{}}],"line":79},"5":{"loc":{"start":{"line":83,"column":5},"end":{"line":83,"column":null}},"type":"cond-expr","locations":[{"start":{"line":83,"column":45},"end":{"line":83,"column":55}},{"start":{"line":83,"column":55},"end":{"line":83,"column":null}}],"line":83},"6":{"loc":{"start":{"line":109,"column":2},"end":{"line":116,"column":null}},"type":"if","locations":[{"start":{"line":109,"column":2},"end":{"line":116,"column":null}},{"start":{"line":112,"column":9},"end":{"line":116,"column":null}}],"line":109},"7":{"loc":{"start":{"line":128,"column":2},"end":{"line":135,"column":null}},"type":"if","locations":[{"start":{"line":128,"column":2},"end":{"line":135,"column":null}},{"start":{},"end":{}}],"line":128},"8":{"loc":{"start":{"line":132,"column":5},"end":{"line":132,"column":null}},"type":"cond-expr","locations":[{"start":{"line":132,"column":45},"end":{"line":132,"column":55}},{"start":{"line":132,"column":55},"end":{"line":132,"column":null}}],"line":132},"9":{"loc":{"start":{"line":154,"column":2},"end":{"line":161,"column":null}},"type":"if","locations":[{"start":{"line":154,"column":2},"end":{"line":161,"column":null}},{"start":{},"end":{}}],"line":154},"10":{"loc":{"start":{"line":158,"column":5},"end":{"line":158,"column":null}},"type":"cond-expr","locations":[{"start":{"line":158,"column":45},"end":{"line":158,"column":55}},{"start":{"line":158,"column":55},"end":{"line":158,"column":null}}],"line":158}},"s":{"0":0,"1":0,"2":1,"3":0,"4":0,"5":0,"6":0,"7":0,"8":0,"9":0,"10":0,"11":0,"12":0,"13":0,"14":0,"15":1,"16":1,"17":1,"18":1,"19":1,"20":0,"21":0,"22":1,"23":0,"24":0,"25":0,"26":0,"27":0,"28":0,"29":0,"30":0,"31":0,"32":0,"33":0,"34":0,"35":0,"36":0,"37":0,"38":0},"f":{"0":0,"1":0,"2":1,"3":0,"4":0},"b":{"0":[0,0],"1":[0,0],"2":[0,0],"3":[0,0],"4":[0,1],"5":[0,0],"6":[0,0],"7":[0,0],"8":[0,0],"9":[0,0],"10":[0,0]},"meta":{"lastBranch":11,"lastFunction":5,"lastStatement":39,"seen":{"s:8:16:28:Infinity":0,"s:30:20:53:Infinity":1,"s:55:17:95:Infinity":2,"s:97:17:144:Infinity":3,"s:146:17:170:Infinity":4,"f:8:16:8:23":0,"s:10:18:10:Infinity":5,"b:13:2:20:Infinity:undefined:undefined:undefined:undefined":0,"s:13:2:20:Infinity":6,"s:14:3:18:Infinity":7,"b:17:45:17:55:17:55:17:Infinity":1,"s:19:3:19:Infinity":8,"s:23:2:27:Infinity":9,"f:30:20:30:27":1,"s:35:18:35:Infinity":10,"b:37:2:44:Infinity:undefined:undefined:undefined:undefined":2,"s:37:2:44:Infinity":11,"s:38:3:42:Infinity":12,"b:41:45:41:55:41:55:41:Infinity":3,"s:43:3:43:Infinity":13,"s:48:2:52:Infinity":14,"f:55:17:55:24":2,"s:60:3:61:Infinity":15,"s:64:22:64:Infinity":16,"s:67:19:67:Infinity":17,"s:73:18:76:Infinity":18,"b:79:2:86:Infinity:undefined:undefined:undefined:undefined":4,"s:79:2:86:Infinity":19,"s:80:3:84:Infinity":20,"b:83:45:83:55:83:55:83:Infinity":5,"s:85:3:85:Infinity":21,"s:90:2:94:Infinity":22,"f:97:17:97:24":3,"s:101:3:102:Infinity":23,"s:105:22:105:Infinity":24,"b:109:2:116:Infinity:112:9:116:Infinity":6,"s:109:2:116:Infinity":25,"s:111:3:111:Infinity":26,"s:113:3:115:Infinity":27,"s:121:18:124:Infinity":28,"b:128:2:135:Infinity:undefined:undefined:undefined:undefined":7,"s:128:2:135:Infinity":29,"s:129:3:133:Infinity":30,"b:132:45:132:55:132:55:132:Infinity":8,"s:134:3:134:Infinity":31,"s:139:2:143:Infinity":32,"f:146:17:146:24":4,"s:148:2:148:Infinity":33,"s:151:18:151:Infinity":34,"b:154:2:161:Infinity:undefined:undefined:undefined:undefined":9,"s:154:2:161:Infinity":35,"s:155:3:159:Infinity":36,"b:158:45:158:55:158:55:158:Infinity":10,"s:160:3:160:Infinity":37,"s:165:2:169:Infinity":38}}}
,"/app/server/controller/role_controller.ts": {"path":"/app/server/controller/role_controller.ts","statementMap":{"0":{"start":{"line":6,"column":16},"end":{"line":26,"column":null}},"1":{"start":{"line":28,"column":20},"end":{"line":51,"column":null}},"2":{"start":{"line":8,"column":18},"end":{"line":8,"column":null}},"3":{"start":{"line":11,"column":2},"end":{"line":18,"column":null}},"4":{"start":{"line":12,"column":3},"end":{"line":16,"column":null}},"5":{"start":{"line":17,"column":3},"end":{"line":17,"column":null}},"6":{"start":{"line":21,"column":2},"end":{"line":25,"column":null}},"7":{"start":{"line":33,"column":18},"end":{"line":33,"column":null}},"8":{"start":{"line":35,"column":2},"end":{"line":42,"column":null}},"9":{"start":{"line":36,"column":3},"end":{"line":40,"column":null}},"10":{"start":{"line":41,"column":3},"end":{"line":41,"column":null}},"11":{"start":{"line":46,"column":2},"end":{"line":50,"column":null}}},"fnMap":{"0":{"name":"(anonymous_0)","decl":{"start":{"line":6,"column":16},"end":{"line":6,"column":23}},"loc":{"start":{"line":6,"column":56},"end":{"line":26,"column":null}},"line":6},"1":{"name":"(anonymous_1)","decl":{"start":{"line":28,"column":20},"end":{"line":28,"column":27}},"loc":{"start":{"line":28,"column":59},"end":{"line":51,"column":null}},"line":28}},"branchMap":{"0":{"loc":{"start":{"line":11,"column":2},"end":{"line":18,"column":null}},"type":"if","locations":[{"start":{"line":11,"column":2},"end":{"line":18,"column":null}},{"start":{},"end":{}}],"line":11},"1":{"loc":{"start":{"line":15,"column":5},"end":{"line":15,"column":null}},"type":"cond-expr","locations":[{"start":{"line":15,"column":45},"end":{"line":15,"column":55}},{"start":{"line":15,"column":55},"end":{"line":15,"column":null}}],"line":15},"2":{"loc":{"start":{"line":35,"column":2},"end":{"line":42,"column":null}},"type":"if","locations":[{"start":{"line":35,"column":2},"end":{"line":42,"column":null}},{"start":{},"end":{}}],"line":35},"3":{"loc":{"start":{"line":39,"column":5},"end":{"line":39,"column":null}},"type":"cond-expr","locations":[{"start":{"line":39,"column":45},"end":{"line":39,"column":55}},{"start":{"line":39,"column":55},"end":{"line":39,"column":null}}],"line":39}},"s":{"0":0,"1":0,"2":0,"3":0,"4":0,"5":0,"6":0,"7":0,"8":0,"9":0,"10":0,"11":0},"f":{"0":0,"1":0},"b":{"0":[0,0],"1":[0,0],"2":[0,0],"3":[0,0]},"meta":{"lastBranch":4,"lastFunction":2,"lastStatement":12,"seen":{"s:6:16:26:Infinity":0,"s:28:20:51:Infinity":1,"f:6:16:6:23":0,"s:8:18:8:Infinity":2,"b:11:2:18:Infinity:undefined:undefined:undefined:undefined":0,"s:11:2:18:Infinity":3,"s:12:3:16:Infinity":4,"b:15:45:15:55:15:55:15:Infinity":1,"s:17:3:17:Infinity":5,"s:21:2:25:Infinity":6,"f:28:20:28:27":1,"s:33:18:33:Infinity":7,"b:35:2:42:Infinity:undefined:undefined:undefined:undefined":2,"s:35:2:42:Infinity":8,"s:36:3:40:Infinity":9,"b:39:45:39:55:39:55:39:Infinity":3,"s:41:3:41:Infinity":10,"s:46:2:50:Infinity":11}}}
,"/app/server/controller/security_controller.ts": {"path":"/app/server/controller/security_controller.ts","statementMap":{"0":{"start":{"line":8,"column":19},"end":{"line":32,"column":null}},"1":{"start":{"line":36,"column":16},"end":{"line":92,"column":null}},"2":{"start":{"line":11,"column":18},"end":{"line":14,"column":null}},"3":{"start":{"line":17,"column":2},"end":{"line":24,"column":null}},"4":{"start":{"line":18,"column":3},"end":{"line":22,"column":null}},"5":{"start":{"line":23,"column":3},"end":{"line":23,"column":null}},"6":{"start":{"line":27,"column":2},"end":{"line":31,"column":null}},"7":{"start":{"line":38,"column":16},"end":{"line":38,"column":null}},"8":{"start":{"line":41,"column":2},"end":{"line":48,"column":null}},"9":{"start":{"line":42,"column":3},"end":{"line":46,"column":null}},"10":{"start":{"line":47,"column":3},"end":{"line":47,"column":null}},"11":{"start":{"line":52,"column":2},"end":{"line":61,"column":null}},"12":{"start":{"line":53,"column":3},"end":{"line":59,"column":null}},"13":{"start":{"line":60,"column":3},"end":{"line":60,"column":null}},"14":{"start":{"line":64,"column":2},"end":{"line":64,"column":null}},"15":{"start":{"line":68,"column":2},"end":{"line":68,"column":null}},"16":{"start":{"line":69,"column":2},"end":{"line":69,"column":null}},"17":{"start":{"line":70,"column":26},"end":{"line":73,"column":null}},"18":{"start":{"line":76,"column":2},"end":{"line":85,"column":null}},"19":{"start":{"line":77,"column":3},"end":{"line":83,"column":null}},"20":{"start":{"line":84,"column":3},"end":{"line":84,"column":null}},"21":{"start":{"line":87,"column":2},"end":{"line":91,"column":null}}},"fnMap":{"0":{"name":"(anonymous_0)","decl":{"start":{"line":8,"column":19},"end":{"line":8,"column":26}},"loc":{"start":{"line":8,"column":58},"end":{"line":32,"column":null}},"line":8},"1":{"name":"(anonymous_1)","decl":{"start":{"line":36,"column":16},"end":{"line":36,"column":23}},"loc":{"start":{"line":36,"column":55},"end":{"line":92,"column":null}},"line":36}},"branchMap":{"0":{"loc":{"start":{"line":17,"column":2},"end":{"line":24,"column":null}},"type":"if","locations":[{"start":{"line":17,"column":2},"end":{"line":24,"column":null}},{"start":{},"end":{}}],"line":17},"1":{"loc":{"start":{"line":21,"column":5},"end":{"line":21,"column":null}},"type":"cond-expr","locations":[{"start":{"line":21,"column":45},"end":{"line":21,"column":55}},{"start":{"line":21,"column":55},"end":{"line":21,"column":null}}],"line":21},"2":{"loc":{"start":{"line":41,"column":2},"end":{"line":48,"column":null}},"type":"if","locations":[{"start":{"line":41,"column":2},"end":{"line":48,"column":null}},{"start":{},"end":{}}],"line":41},"3":{"loc":{"start":{"line":45,"column":5},"end":{"line":45,"column":null}},"type":"cond-expr","locations":[{"start":{"line":45,"column":45},"end":{"line":45,"column":55}},{"start":{"line":45,"column":55},"end":{"line":45,"column":null}}],"line":45},"4":{"loc":{"start":{"line":52,"column":2},"end":{"line":61,"column":null}},"type":"if","locations":[{"start":{"line":52,"column":2},"end":{"line":61,"column":null}},{"start":{},"end":{}}],"line":52},"5":{"loc":{"start":{"line":56,"column":5},"end":{"line":58,"column":null}},"type":"cond-expr","locations":[{"start":{"line":57,"column":8},"end":{"line":57,"column":null}},{"start":{"line":58,"column":8},"end":{"line":58,"column":null}}],"line":56},"6":{"loc":{"start":{"line":76,"column":2},"end":{"line":85,"column":null}},"type":"if","locations":[{"start":{"line":76,"column":2},"end":{"line":85,"column":null}},{"start":{},"end":{}}],"line":76},"7":{"loc":{"start":{"line":80,"column":5},"end":{"line":82,"column":null}},"type":"cond-expr","locations":[{"start":{"line":81,"column":8},"end":{"line":81,"column":null}},{"start":{"line":82,"column":8},"end":{"line":82,"column":null}}],"line":80}},"s":{"0":0,"1":0,"2":0,"3":0,"4":0,"5":0,"6":0,"7":0,"8":0,"9":0,"10":0,"11":0,"12":0,"13":0,"14":0,"15":0,"16":0,"17":0,"18":0,"19":0,"20":0,"21":0},"f":{"0":0,"1":0},"b":{"0":[0,0],"1":[0,0],"2":[0,0],"3":[0,0],"4":[0,0],"5":[0,0],"6":[0,0],"7":[0,0]},"meta":{"lastBranch":8,"lastFunction":2,"lastStatement":22,"seen":{"s:8:19:32:Infinity":0,"s:36:16:92:Infinity":1,"f:8:19:8:26":0,"s:11:18:14:Infinity":2,"b:17:2:24:Infinity:undefined:undefined:undefined:undefined":0,"s:17:2:24:Infinity":3,"s:18:3:22:Infinity":4,"b:21:45:21:55:21:55:21:Infinity":1,"s:23:3:23:Infinity":5,"s:27:2:31:Infinity":6,"f:36:16:36:23":1,"s:38:16:38:Infinity":7,"b:41:2:48:Infinity:undefined:undefined:undefined:undefined":2,"s:41:2:48:Infinity":8,"s:42:3:46:Infinity":9,"b:45:45:45:55:45:55:45:Infinity":3,"s:47:3:47:Infinity":10,"b:52:2:61:Infinity:undefined:undefined:undefined:undefined":4,"s:52:2:61:Infinity":11,"s:53:3:59:Infinity":12,"b:57:8:57:Infinity:58:8:58:Infinity":5,"s:60:3:60:Infinity":13,"s:64:2:64:Infinity":14,"s:68:2:68:Infinity":15,"s:69:2:69:Infinity":16,"s:70:26:73:Infinity":17,"b:76:2:85:Infinity:undefined:undefined:undefined:undefined":6,"s:76:2:85:Infinity":18,"s:77:3:83:Infinity":19,"b:81:8:81:Infinity:82:8:82:Infinity":7,"s:84:3:84:Infinity":20,"s:87:2:91:Infinity":21}}}
,"/app/server/controller/skin_controller.ts": {"path":"/app/server/controller/skin_controller.ts","statementMap":{"0":{"start":{"line":6,"column":16},"end":{"line":26,"column":null}},"1":{"start":{"line":28,"column":20},"end":{"line":51,"column":null}},"2":{"start":{"line":8,"column":18},"end":{"line":8,"column":null}},"3":{"start":{"line":11,"column":2},"end":{"line":18,"column":null}},"4":{"start":{"line":12,"column":3},"end":{"line":16,"column":null}},"5":{"start":{"line":17,"column":3},"end":{"line":17,"column":null}},"6":{"start":{"line":21,"column":2},"end":{"line":25,"column":null}},"7":{"start":{"line":33,"column":18},"end":{"line":33,"column":null}},"8":{"start":{"line":35,"column":2},"end":{"line":42,"column":null}},"9":{"start":{"line":36,"column":3},"end":{"line":40,"column":null}},"10":{"start":{"line":41,"column":3},"end":{"line":41,"column":null}},"11":{"start":{"line":46,"column":2},"end":{"line":50,"column":null}}},"fnMap":{"0":{"name":"(anonymous_0)","decl":{"start":{"line":6,"column":16},"end":{"line":6,"column":23}},"loc":{"start":{"line":6,"column":56},"end":{"line":26,"column":null}},"line":6},"1":{"name":"(anonymous_1)","decl":{"start":{"line":28,"column":20},"end":{"line":28,"column":27}},"loc":{"start":{"line":28,"column":59},"end":{"line":51,"column":null}},"line":28}},"branchMap":{"0":{"loc":{"start":{"line":11,"column":2},"end":{"line":18,"column":null}},"type":"if","locations":[{"start":{"line":11,"column":2},"end":{"line":18,"column":null}},{"start":{},"end":{}}],"line":11},"1":{"loc":{"start":{"line":15,"column":5},"end":{"line":15,"column":null}},"type":"cond-expr","locations":[{"start":{"line":15,"column":45},"end":{"line":15,"column":55}},{"start":{"line":15,"column":55},"end":{"line":15,"column":null}}],"line":15},"2":{"loc":{"start":{"line":35,"column":2},"end":{"line":42,"column":null}},"type":"if","locations":[{"start":{"line":35,"column":2},"end":{"line":42,"column":null}},{"start":{},"end":{}}],"line":35},"3":{"loc":{"start":{"line":39,"column":5},"end":{"line":39,"column":null}},"type":"cond-expr","locations":[{"start":{"line":39,"column":45},"end":{"line":39,"column":55}},{"start":{"line":39,"column":55},"end":{"line":39,"column":null}}],"line":39}},"s":{"0":0,"1":0,"2":0,"3":0,"4":0,"5":0,"6":0,"7":0,"8":0,"9":0,"10":0,"11":0},"f":{"0":0,"1":0},"b":{"0":[0,0],"1":[0,0],"2":[0,0],"3":[0,0]},"meta":{"lastBranch":4,"lastFunction":2,"lastStatement":12,"seen":{"s:6:16:26:Infinity":0,"s:28:20:51:Infinity":1,"f:6:16:6:23":0,"s:8:18:8:Infinity":2,"b:11:2:18:Infinity:undefined:undefined:undefined:undefined":0,"s:11:2:18:Infinity":3,"s:12:3:16:Infinity":4,"b:15:45:15:55:15:55:15:Infinity":1,"s:17:3:17:Infinity":5,"s:21:2:25:Infinity":6,"f:28:20:28:27":1,"s:33:18:33:Infinity":7,"b:35:2:42:Infinity:undefined:undefined:undefined:undefined":2,"s:35:2:42:Infinity":8,"s:36:3:40:Infinity":9,"b:39:45:39:55:39:55:39:Infinity":3,"s:41:3:41:Infinity":10,"s:46:2:50:Infinity":11}}}
,"/app/server/controller/user_controller.ts": {"path":"/app/server/controller/user_controller.ts","statementMap":{"0":{"start":{"line":6,"column":16},"end":{"line":26,"column":null}},"1":{"start":{"line":28,"column":20},"end":{"line":51,"column":null}},"2":{"start":{"line":8,"column":18},"end":{"line":8,"column":null}},"3":{"start":{"line":11,"column":2},"end":{"line":18,"column":null}},"4":{"start":{"line":12,"column":3},"end":{"line":16,"column":null}},"5":{"start":{"line":17,"column":3},"end":{"line":17,"column":null}},"6":{"start":{"line":21,"column":2},"end":{"line":25,"column":null}},"7":{"start":{"line":33,"column":18},"end":{"line":33,"column":null}},"8":{"start":{"line":35,"column":2},"end":{"line":42,"column":null}},"9":{"start":{"line":36,"column":3},"end":{"line":40,"column":null}},"10":{"start":{"line":41,"column":3},"end":{"line":41,"column":null}},"11":{"start":{"line":46,"column":2},"end":{"line":50,"column":null}}},"fnMap":{"0":{"name":"(anonymous_0)","decl":{"start":{"line":6,"column":16},"end":{"line":6,"column":23}},"loc":{"start":{"line":6,"column":56},"end":{"line":26,"column":null}},"line":6},"1":{"name":"(anonymous_1)","decl":{"start":{"line":28,"column":20},"end":{"line":28,"column":27}},"loc":{"start":{"line":28,"column":59},"end":{"line":51,"column":null}},"line":28}},"branchMap":{"0":{"loc":{"start":{"line":11,"column":2},"end":{"line":18,"column":null}},"type":"if","locations":[{"start":{"line":11,"column":2},"end":{"line":18,"column":null}},{"start":{},"end":{}}],"line":11},"1":{"loc":{"start":{"line":15,"column":5},"end":{"line":15,"column":null}},"type":"cond-expr","locations":[{"start":{"line":15,"column":45},"end":{"line":15,"column":55}},{"start":{"line":15,"column":55},"end":{"line":15,"column":null}}],"line":15},"2":{"loc":{"start":{"line":35,"column":2},"end":{"line":42,"column":null}},"type":"if","locations":[{"start":{"line":35,"column":2},"end":{"line":42,"column":null}},{"start":{},"end":{}}],"line":35},"3":{"loc":{"start":{"line":39,"column":5},"end":{"line":39,"column":null}},"type":"cond-expr","locations":[{"start":{"line":39,"column":45},"end":{"line":39,"column":55}},{"start":{"line":39,"column":55},"end":{"line":39,"column":null}}],"line":39}},"s":{"0":0,"1":0,"2":0,"3":0,"4":0,"5":0,"6":0,"7":0,"8":0,"9":0,"10":0,"11":0},"f":{"0":0,"1":0},"b":{"0":[0,0],"1":[0,0],"2":[0,0],"3":[0,0]},"meta":{"lastBranch":4,"lastFunction":2,"lastStatement":12,"seen":{"s:6:16:26:Infinity":0,"s:28:20:51:Infinity":1,"f:6:16:6:23":0,"s:8:18:8:Infinity":2,"b:11:2:18:Infinity:undefined:undefined:undefined:undefined":0,"s:11:2:18:Infinity":3,"s:12:3:16:Infinity":4,"b:15:45:15:55:15:55:15:Infinity":1,"s:17:3:17:Infinity":5,"s:21:2:25:Infinity":6,"f:28:20:28:27":1,"s:33:18:33:Infinity":7,"b:35:2:42:Infinity:undefined:undefined:undefined:undefined":2,"s:35:2:42:Infinity":8,"s:36:3:40:Infinity":9,"b:39:45:39:55:39:55:39:Infinity":3,"s:41:3:41:Infinity":10,"s:46:2:50:Infinity":11}}}
,"/app/server/core/server.ts": {"path":"/app/server/core/server.ts","statementMap":{"0":{"start":{"line":16,"column":9},"end":{"line":16,"column":null}},"1":{"start":{"line":17,"column":18},"end":{"line":17,"column":null}},"2":{"start":{"line":40,"column":23},"end":{"line":52,"column":null}},"3":{"start":{"line":55,"column":22},"end":{"line":57,"column":null}},"4":{"start":{"line":22,"column":2},"end":{"line":22,"column":null}},"5":{"start":{"line":25,"column":2},"end":{"line":29,"column":null}},"6":{"start":{"line":32,"column":2},"end":{"line":32,"column":null}},"7":{"start":{"line":35,"column":2},"end":{"line":35,"column":null}},"8":{"start":{"line":42,"column":2},"end":{"line":42,"column":null}},"9":{"start":{"line":43,"column":2},"end":{"line":43,"column":null}},"10":{"start":{"line":44,"column":2},"end":{"line":44,"column":null}},"11":{"start":{"line":45,"column":2},"end":{"line":45,"column":null}},"12":{"start":{"line":46,"column":2},"end":{"line":46,"column":null}},"13":{"start":{"line":47,"column":2},"end":{"line":47,"column":null}},"14":{"start":{"line":48,"column":2},"end":{"line":48,"column":null}},"15":{"start":{"line":49,"column":2},"end":{"line":49,"column":null}},"16":{"start":{"line":50,"column":2},"end":{"line":50,"column":null}},"17":{"start":{"line":51,"column":2},"end":{"line":51,"column":null}},"18":{"start":{"line":56,"column":2},"end":{"line":56,"column":null}}},"fnMap":{"0":{"name":"(anonymous_0)","decl":{"start":{"line":20,"column":1},"end":{"line":20,"column":15}},"loc":{"start":{"line":20,"column":15},"end":{"line":36,"column":null}},"line":20},"1":{"name":"(anonymous_1)","decl":{"start":{"line":40,"column":23},"end":{"line":40,"column":29}},"loc":{"start":{"line":40,"column":29},"end":{"line":52,"column":null}},"line":40},"2":{"name":"(anonymous_2)","decl":{"start":{"line":55,"column":22},"end":{"line":55,"column":28}},"loc":{"start":{"line":55,"column":28},"end":{"line":57,"column":null}},"line":55}},"branchMap":{},"s":{"0":2,"1":2,"2":2,"3":2,"4":2,"5":2,"6":2,"7":2,"8":2,"9":2,"10":2,"11":2,"12":2,"13":2,"14":2,"15":2,"16":2,"17":2,"18":2},"f":{"0":2,"1":2,"2":2},"b":{},"meta":{"lastBranch":0,"lastFunction":3,"lastStatement":19,"seen":{"s:16:9:16:Infinity":0,"s:17:18:17:Infinity":1,"s:40:23:52:Infinity":2,"s:55:22:57:Infinity":3,"f:20:1:20:15":0,"s:22:2:22:Infinity":4,"s:25:2:29:Infinity":5,"s:32:2:32:Infinity":6,"s:35:2:35:Infinity":7,"f:40:23:40:29":1,"s:42:2:42:Infinity":8,"s:43:2:43:Infinity":9,"s:44:2:44:Infinity":10,"s:45:2:45:Infinity":11,"s:46:2:46:Infinity":12,"s:47:2:47:Infinity":13,"s:48:2:48:Infinity":14,"s:49:2:49:Infinity":15,"s:50:2:50:Infinity":16,"s:51:2:51:Infinity":17,"f:55:22:55:28":2,"s:56:2:56:Infinity":18}}}
,"/app/server/middleware/authorization_middleware.ts": {"path":"/app/server/middleware/authorization_middleware.ts","statementMap":{"0":{"start":{"line":8,"column":20},"end":{"line":49,"column":null}},"1":{"start":{"line":10,"column":2},"end":{"line":48,"column":null}},"2":{"start":{"line":12,"column":17},"end":{"line":12,"column":null}},"3":{"start":{"line":15,"column":3},"end":{"line":28,"column":null}},"4":{"start":{"line":16,"column":19},"end":{"line":16,"column":null}},"5":{"start":{"line":17,"column":4},"end":{"line":17,"column":null}},"6":{"start":{"line":20,"column":4},"end":{"line":26,"column":null}},"7":{"start":{"line":27,"column":4},"end":{"line":27,"column":null}},"8":{"start":{"line":32,"column":19},"end":{"line":32,"column":null}},"9":{"start":{"line":35,"column":3},"end":{"line":43,"column":null}},"10":{"start":{"line":36,"column":4},"end":{"line":42,"column":null}},"11":{"start":{"line":47,"column":3},"end":{"line":47,"column":null}}},"fnMap":{"0":{"name":"(anonymous_0)","decl":{"start":{"line":8,"column":20},"end":{"line":8,"column":21}},"loc":{"start":{"line":8,"column":41},"end":{"line":49,"column":null}},"line":8},"1":{"name":"(anonymous_1)","decl":{"start":{"line":10,"column":9},"end":{"line":10,"column":16}},"loc":{"start":{"line":10,"column":68},"end":{"line":48,"column":null}},"line":10}},"branchMap":{"0":{"loc":{"start":{"line":23,"column":6},"end":{"line":25,"column":null}},"type":"cond-expr","locations":[{"start":{"line":24,"column":9},"end":{"line":24,"column":null}},{"start":{"line":25,"column":10},"end":{"line":25,"column":null}}],"line":23},"1":{"loc":{"start":{"line":35,"column":3},"end":{"line":43,"column":null}},"type":"if","locations":[{"start":{"line":35,"column":3},"end":{"line":43,"column":null}},{"start":{},"end":{}}],"line":35},"2":{"loc":{"start":{"line":39,"column":6},"end":{"line":41,"column":null}},"type":"cond-expr","locations":[{"start":{"line":40,"column":9},"end":{"line":40,"column":null}},{"start":{"line":41,"column":9},"end":{"line":41,"column":null}}],"line":39}},"s":{"0":6,"1":6,"2":1,"3":1,"4":1,"5":1,"6":0,"7":0,"8":1,"9":1,"10":0,"11":1},"f":{"0":6,"1":1},"b":{"0":[0,0],"1":[0,1],"2":[0,0]},"meta":{"lastBranch":3,"lastFunction":2,"lastStatement":12,"seen":{"s:8:20:49:Infinity":0,"f:8:20:8:21":0,"s:10:2:48:Infinity":1,"f:10:9:10:16":1,"s:12:17:12:Infinity":2,"s:15:3:28:Infinity":3,"s:16:19:16:Infinity":4,"s:17:4:17:Infinity":5,"s:20:4:26:Infinity":6,"b:24:9:24:Infinity:25:10:25:Infinity":0,"s:27:4:27:Infinity":7,"s:32:19:32:Infinity":8,"b:35:3:43:Infinity:undefined:undefined:undefined:undefined":1,"s:35:3:43:Infinity":9,"s:36:4:42:Infinity":10,"b:40:9:40:Infinity:41:9:41:Infinity":2,"s:47:3:47:Infinity":11}}}
,"/app/server/repository/body_part_repository.ts": {"path":"/app/server/repository/body_part_repository.ts","statementMap":{"0":{"start":{"line":8,"column":17},"end":{"line":8,"column":null}},"1":{"start":{"line":11,"column":20},"end":{"line":71,"column":null}},"2":{"start":{"line":75,"column":20},"end":{"line":118,"column":null}},"3":{"start":{"line":120,"column":23},"end":{"line":141,"column":null}},"4":{"start":{"line":13,"column":21},"end":{"line":13,"column":null}},"5":{"start":{"line":39,"column":14},"end":{"line":47,"column":null}},"6":{"start":{"line":52,"column":2},"end":{"line":70,"column":null}},"7":{"start":{"line":54,"column":19},"end":{"line":54,"column":null}},"8":{"start":{"line":56,"column":3},"end":{"line":64,"column":null}},"9":{"start":{"line":56,"column":16},"end":{"line":56,"column":19}},"10":{"start":{"line":58,"column":20},"end":{"line":58,"column":null}},"11":{"start":{"line":61,"column":4},"end":{"line":63,"column":null}},"12":{"start":{"line":67,"column":3},"end":{"line":67,"column":null}},"13":{"start":{"line":69,"column":3},"end":{"line":69,"column":null}},"14":{"start":{"line":79,"column":21},"end":{"line":79,"column":null}},"15":{"start":{"line":91,"column":14},"end":{"line":100,"column":null}},"16":{"start":{"line":104,"column":2},"end":{"line":117,"column":null}},"17":{"start":{"line":107,"column":19},"end":{"line":107,"column":null}},"18":{"start":{"line":109,"column":19},"end":{"line":109,"column":null}},"19":{"start":{"line":110,"column":3},"end":{"line":112,"column":null}},"20":{"start":{"line":114,"column":3},"end":{"line":114,"column":null}},"21":{"start":{"line":116,"column":3},"end":{"line":116,"column":null}},"22":{"start":{"line":122,"column":21},"end":{"line":122,"column":null}},"23":{"start":{"line":125,"column":14},"end":{"line":127,"column":null}},"24":{"start":{"line":132,"column":2},"end":{"line":140,"column":null}},"25":{"start":{"line":134,"column":19},"end":{"line":134,"column":null}},"26":{"start":{"line":137,"column":3},"end":{"line":137,"column":null}},"27":{"start":{"line":139,"column":3},"end":{"line":139,"column":null}}},"fnMap":{"0":{"name":"(anonymous_0)","decl":{"start":{"line":11,"column":20},"end":{"line":11,"column":64}},"loc":{"start":{"line":11,"column":64},"end":{"line":71,"column":null}},"line":11},"1":{"name":"(anonymous_1)","decl":{"start":{"line":75,"column":20},"end":{"line":75,"column":null}},"loc":{"start":{"line":77,"column":36},"end":{"line":118,"column":null}},"line":77},"2":{"name":"(anonymous_2)","decl":{"start":{"line":120,"column":23},"end":{"line":120,"column":30}},"loc":{"start":{"line":120,"column":79},"end":{"line":141,"column":null}},"line":120}},"branchMap":{},"s":{"0":0,"1":0,"2":0,"3":0,"4":0,"5":0,"6":0,"7":0,"8":0,"9":0,"10":0,"11":0,"12":0,"13":0,"14":0,"15":0,"16":0,"17":0,"18":0,"19":0,"20":0,"21":0,"22":0,"23":0,"24":0,"25":0,"26":0,"27":0},"f":{"0":0,"1":0,"2":0},"b":{},"meta":{"lastBranch":0,"lastFunction":3,"lastStatement":28,"seen":{"s:8:17:8:Infinity":0,"s:11:20:71:Infinity":1,"s:75:20:118:Infinity":2,"s:120:23:141:Infinity":3,"f:11:20:11:64":0,"s:13:21:13:Infinity":4,"s:39:14:47:Infinity":5,"s:52:2:70:Infinity":6,"s:54:19:54:Infinity":7,"s:56:3:64:Infinity":8,"s:56:16:56:19":9,"s:58:20:58:Infinity":10,"s:61:4:63:Infinity":11,"s:67:3:67:Infinity":12,"s:69:3:69:Infinity":13,"f:75:20:75:Infinity":1,"s:79:21:79:Infinity":14,"s:91:14:100:Infinity":15,"s:104:2:117:Infinity":16,"s:107:19:107:Infinity":17,"s:109:19:109:Infinity":18,"s:110:3:112:Infinity":19,"s:114:3:114:Infinity":20,"s:116:3:116:Infinity":21,"f:120:23:120:30":2,"s:122:21:122:Infinity":22,"s:125:14:127:Infinity":23,"s:132:2:140:Infinity":24,"s:134:19:134:Infinity":25,"s:137:3:137:Infinity":26,"s:139:3:139:Infinity":27}}}
,"/app/server/repository/category_repository.ts": {"path":"/app/server/repository/category_repository.ts","statementMap":{"0":{"start":{"line":6,"column":17},"end":{"line":6,"column":null}},"1":{"start":{"line":9,"column":20},"end":{"line":27,"column":null}},"2":{"start":{"line":31,"column":20},"end":{"line":58,"column":null}},"3":{"start":{"line":11,"column":21},"end":{"line":11,"column":null}},"4":{"start":{"line":14,"column":14},"end":{"line":15,"column":null}},"5":{"start":{"line":18,"column":2},"end":{"line":26,"column":null}},"6":{"start":{"line":20,"column":19},"end":{"line":20,"column":null}},"7":{"start":{"line":23,"column":3},"end":{"line":23,"column":null}},"8":{"start":{"line":25,"column":3},"end":{"line":25,"column":null}},"9":{"start":{"line":35,"column":21},"end":{"line":35,"column":null}},"10":{"start":{"line":41,"column":14},"end":{"line":44,"column":null}},"11":{"start":{"line":47,"column":2},"end":{"line":57,"column":null}},"12":{"start":{"line":50,"column":19},"end":{"line":50,"column":null}},"13":{"start":{"line":52,"column":19},"end":{"line":52,"column":null}},"14":{"start":{"line":54,"column":3},"end":{"line":54,"column":null}},"15":{"start":{"line":56,"column":3},"end":{"line":56,"column":null}}},"fnMap":{"0":{"name":"(anonymous_0)","decl":{"start":{"line":9,"column":20},"end":{"line":9,"column":63}},"loc":{"start":{"line":9,"column":63},"end":{"line":27,"column":null}},"line":9},"1":{"name":"(anonymous_1)","decl":{"start":{"line":31,"column":20},"end":{"line":31,"column":null}},"loc":{"start":{"line":33,"column":35},"end":{"line":58,"column":null}},"line":33}},"branchMap":{},"s":{"0":0,"1":0,"2":0,"3":0,"4":0,"5":0,"6":0,"7":0,"8":0,"9":0,"10":0,"11":0,"12":0,"13":0,"14":0,"15":0},"f":{"0":0,"1":0},"b":{},"meta":{"lastBranch":0,"lastFunction":2,"lastStatement":16,"seen":{"s:6:17:6:Infinity":0,"s:9:20:27:Infinity":1,"s:31:20:58:Infinity":2,"f:9:20:9:63":0,"s:11:21:11:Infinity":3,"s:14:14:15:Infinity":4,"s:18:2:26:Infinity":5,"s:20:19:20:Infinity":6,"s:23:3:23:Infinity":7,"s:25:3:25:Infinity":8,"f:31:20:31:Infinity":1,"s:35:21:35:Infinity":9,"s:41:14:44:Infinity":10,"s:47:2:57:Infinity":11,"s:50:19:50:Infinity":12,"s:52:19:52:Infinity":13,"s:54:3:54:Infinity":14,"s:56:3:56:Infinity":15}}}
,"/app/server/repository/contact_repository.ts": {"path":"/app/server/repository/contact_repository.ts","statementMap":{"0":{"start":{"line":6,"column":22},"end":{"line":6,"column":null}},"1":{"start":{"line":9,"column":20},"end":{"line":19,"column":null}},"2":{"start":{"line":21,"column":17},"end":{"line":33,"column":null}},"3":{"start":{"line":11,"column":21},"end":{"line":11,"column":null}},"4":{"start":{"line":14,"column":21},"end":{"line":14,"column":null}},"5":{"start":{"line":16,"column":18},"end":{"line":16,"column":null}},"6":{"start":{"line":18,"column":2},"end":{"line":18,"column":null}},"7":{"start":{"line":25,"column":21},"end":{"line":25,"column":null}},"8":{"start":{"line":28,"column":21},"end":{"line":28,"column":null}},"9":{"start":{"line":30,"column":18},"end":{"line":30,"column":null}},"10":{"start":{"line":32,"column":2},"end":{"line":32,"column":null}}},"fnMap":{"0":{"name":"(anonymous_0)","decl":{"start":{"line":9,"column":20},"end":{"line":9,"column":63}},"loc":{"start":{"line":9,"column":63},"end":{"line":19,"column":null}},"line":9},"1":{"name":"(anonymous_1)","decl":{"start":{"line":21,"column":17},"end":{"line":21,"column":null}},"loc":{"start":{"line":23,"column":42},"end":{"line":33,"column":null}},"line":23}},"branchMap":{},"s":{"0":0,"1":0,"2":0,"3":0,"4":0,"5":0,"6":0,"7":0,"8":0,"9":0,"10":0},"f":{"0":0,"1":0},"b":{},"meta":{"lastBranch":0,"lastFunction":2,"lastStatement":11,"seen":{"s:6:22:6:Infinity":0,"s:9:20:19:Infinity":1,"s:21:17:33:Infinity":2,"f:9:20:9:63":0,"s:11:21:11:Infinity":3,"s:14:21:14:Infinity":4,"s:16:18:16:Infinity":5,"s:18:2:18:Infinity":6,"f:21:17:21:Infinity":1,"s:25:21:25:Infinity":7,"s:28:21:28:Infinity":8,"s:30:18:30:Infinity":9,"s:32:2:32:Infinity":10}}}
,"/app/server/repository/pack_repository.ts": {"path":"/app/server/repository/pack_repository.ts","statementMap":{"0":{"start":{"line":8,"column":17},"end":{"line":8,"column":null}},"1":{"start":{"line":11,"column":20},"end":{"line":71,"column":null}},"2":{"start":{"line":75,"column":20},"end":{"line":117,"column":null}},"3":{"start":{"line":119,"column":23},"end":{"line":140,"column":null}},"4":{"start":{"line":13,"column":21},"end":{"line":13,"column":null}},"5":{"start":{"line":39,"column":14},"end":{"line":47,"column":null}},"6":{"start":{"line":52,"column":2},"end":{"line":70,"column":null}},"7":{"start":{"line":54,"column":19},"end":{"line":54,"column":null}},"8":{"start":{"line":56,"column":3},"end":{"line":64,"column":null}},"9":{"start":{"line":56,"column":16},"end":{"line":56,"column":19}},"10":{"start":{"line":58,"column":20},"end":{"line":58,"column":null}},"11":{"start":{"line":61,"column":4},"end":{"line":63,"column":null}},"12":{"start":{"line":67,"column":3},"end":{"line":67,"column":null}},"13":{"start":{"line":69,"column":3},"end":{"line":69,"column":null}},"14":{"start":{"line":77,"column":21},"end":{"line":77,"column":null}},"15":{"start":{"line":89,"column":14},"end":{"line":98,"column":null}},"16":{"start":{"line":103,"column":2},"end":{"line":116,"column":null}},"17":{"start":{"line":106,"column":19},"end":{"line":106,"column":null}},"18":{"start":{"line":108,"column":19},"end":{"line":108,"column":null}},"19":{"start":{"line":109,"column":3},"end":{"line":111,"column":null}},"20":{"start":{"line":113,"column":3},"end":{"line":113,"column":null}},"21":{"start":{"line":115,"column":3},"end":{"line":115,"column":null}},"22":{"start":{"line":121,"column":21},"end":{"line":121,"column":null}},"23":{"start":{"line":124,"column":14},"end":{"line":126,"column":null}},"24":{"start":{"line":131,"column":2},"end":{"line":139,"column":null}},"25":{"start":{"line":133,"column":19},"end":{"line":133,"column":null}},"26":{"start":{"line":136,"column":3},"end":{"line":136,"column":null}},"27":{"start":{"line":138,"column":3},"end":{"line":138,"column":null}}},"fnMap":{"0":{"name":"(anonymous_0)","decl":{"start":{"line":11,"column":20},"end":{"line":11,"column":59}},"loc":{"start":{"line":11,"column":59},"end":{"line":71,"column":null}},"line":11},"1":{"name":"(anonymous_1)","decl":{"start":{"line":75,"column":20},"end":{"line":75,"column":27}},"loc":{"start":{"line":75,"column":76},"end":{"line":117,"column":null}},"line":75},"2":{"name":"(anonymous_2)","decl":{"start":{"line":119,"column":23},"end":{"line":119,"column":30}},"loc":{"start":{"line":119,"column":74},"end":{"line":140,"column":null}},"line":119}},"branchMap":{},"s":{"0":0,"1":0,"2":0,"3":0,"4":0,"5":0,"6":0,"7":0,"8":0,"9":0,"10":0,"11":0,"12":0,"13":0,"14":0,"15":0,"16":0,"17":0,"18":0,"19":0,"20":0,"21":0,"22":0,"23":0,"24":0,"25":0,"26":0,"27":0},"f":{"0":0,"1":0,"2":0},"b":{},"meta":{"lastBranch":0,"lastFunction":3,"lastStatement":28,"seen":{"s:8:17:8:Infinity":0,"s:11:20:71:Infinity":1,"s:75:20:117:Infinity":2,"s:119:23:140:Infinity":3,"f:11:20:11:59":0,"s:13:21:13:Infinity":4,"s:39:14:47:Infinity":5,"s:52:2:70:Infinity":6,"s:54:19:54:Infinity":7,"s:56:3:64:Infinity":8,"s:56:16:56:19":9,"s:58:20:58:Infinity":10,"s:61:4:63:Infinity":11,"s:67:3:67:Infinity":12,"s:69:3:69:Infinity":13,"f:75:20:75:27":1,"s:77:21:77:Infinity":14,"s:89:14:98:Infinity":15,"s:103:2:116:Infinity":16,"s:106:19:106:Infinity":17,"s:108:19:108:Infinity":18,"s:109:3:111:Infinity":19,"s:113:3:113:Infinity":20,"s:115:3:115:Infinity":21,"f:119:23:119:30":2,"s:121:21:121:Infinity":22,"s:124:14:126:Infinity":23,"s:131:2:139:Infinity":24,"s:133:19:133:Infinity":25,"s:136:3:136:Infinity":26,"s:138:3:138:Infinity":27}}}
,"/app/server/repository/product_repository.ts": {"path":"/app/server/repository/product_repository.ts","statementMap":{"0":{"start":{"line":15,"column":17},"end":{"line":15,"column":null}},"1":{"start":{"line":18,"column":20},"end":{"line":73,"column":null}},"2":{"start":{"line":77,"column":20},"end":{"line":143,"column":null}},"3":{"start":{"line":146,"column":23},"end":{"line":178,"column":null}},"4":{"start":{"line":181,"column":17},"end":{"line":288,"column":null}},"5":{"start":{"line":290,"column":17},"end":{"line":443,"column":null}},"6":{"start":{"line":445,"column":17},"end":{"line":505,"column":null}},"7":{"start":{"line":20,"column":21},"end":{"line":20,"column":null}},"8":{"start":{"line":23,"column":14},"end":{"line":44,"column":null}},"9":{"start":{"line":48,"column":2},"end":{"line":72,"column":null}},"10":{"start":{"line":50,"column":19},"end":{"line":50,"column":null}},"11":{"start":{"line":53,"column":3},"end":{"line":66,"column":null}},"12":{"start":{"line":53,"column":16},"end":{"line":53,"column":19}},"13":{"start":{"line":55,"column":20},"end":{"line":55,"column":null}},"14":{"start":{"line":58,"column":4},"end":{"line":60,"column":null}},"15":{"start":{"line":63,"column":4},"end":{"line":65,"column":null}},"16":{"start":{"line":69,"column":3},"end":{"line":69,"column":null}},"17":{"start":{"line":71,"column":3},"end":{"line":71,"column":null}},"18":{"start":{"line":81,"column":21},"end":{"line":81,"column":null}},"19":{"start":{"line":88,"column":14},"end":{"line":110,"column":null}},"20":{"start":{"line":113,"column":2},"end":{"line":142,"column":null}},"21":{"start":{"line":116,"column":19},"end":{"line":116,"column":null}},"22":{"start":{"line":118,"column":19},"end":{"line":118,"column":null}},"23":{"start":{"line":121,"column":3},"end":{"line":123,"column":null}},"24":{"start":{"line":126,"column":3},"end":{"line":128,"column":null}},"25":{"start":{"line":130,"column":3},"end":{"line":132,"column":null}},"26":{"start":{"line":134,"column":3},"end":{"line":136,"column":null}},"27":{"start":{"line":139,"column":3},"end":{"line":139,"column":null}},"28":{"start":{"line":141,"column":3},"end":{"line":141,"column":null}},"29":{"start":{"line":148,"column":21},"end":{"line":148,"column":null}},"30":{"start":{"line":151,"column":14},"end":{"line":153,"column":null}},"31":{"start":{"line":158,"column":2},"end":{"line":177,"column":null}},"32":{"start":{"line":160,"column":19},"end":{"line":160,"column":null}},"33":{"start":{"line":163,"column":3},"end":{"line":171,"column":null}},"34":{"start":{"line":163,"column":16},"end":{"line":163,"column":19}},"35":{"start":{"line":165,"column":20},"end":{"line":165,"column":null}},"36":{"start":{"line":168,"column":4},"end":{"line":170,"column":null}},"37":{"start":{"line":174,"column":3},"end":{"line":174,"column":null}},"38":{"start":{"line":176,"column":3},"end":{"line":176,"column":null}},"39":{"start":{"line":185,"column":21},"end":{"line":185,"column":null}},"40":{"start":{"line":188,"column":12},"end":{"line":189,"column":null}},"41":{"start":{"line":201,"column":2},"end":{"line":287,"column":null}},"42":{"start":{"line":203,"column":3},"end":{"line":203,"column":null}},"43":{"start":{"line":206,"column":3},"end":{"line":206,"column":null}},"44":{"start":{"line":209,"column":3},"end":{"line":209,"column":null}},"45":{"start":{"line":210,"column":3},"end":{"line":210,"column":null}},"46":{"start":{"line":231,"column":18},"end":{"line":234,"column":null}},"47":{"start":{"line":233,"column":20},"end":{"line":233,"column":37}},"48":{"start":{"line":236,"column":3},"end":{"line":240,"column":null}},"49":{"start":{"line":244,"column":3},"end":{"line":244,"column":null}},"50":{"start":{"line":246,"column":3},"end":{"line":249,"column":null}},"51":{"start":{"line":248,"column":20},"end":{"line":248,"column":37}},"52":{"start":{"line":251,"column":3},"end":{"line":255,"column":null}},"53":{"start":{"line":259,"column":3},"end":{"line":259,"column":null}},"54":{"start":{"line":261,"column":3},"end":{"line":264,"column":null}},"55":{"start":{"line":263,"column":20},"end":{"line":263,"column":37}},"56":{"start":{"line":266,"column":3},"end":{"line":270,"column":null}},"57":{"start":{"line":275,"column":19},"end":{"line":275,"column":null}},"58":{"start":{"line":278,"column":3},"end":{"line":278,"column":null}},"59":{"start":{"line":281,"column":3},"end":{"line":281,"column":null}},"60":{"start":{"line":284,"column":3},"end":{"line":284,"column":null}},"61":{"start":{"line":286,"column":3},"end":{"line":286,"column":null}},"62":{"start":{"line":294,"column":21},"end":{"line":294,"column":null}},"63":{"start":{"line":297,"column":12},"end":{"line":307,"column":null}},"64":{"start":{"line":311,"column":2},"end":{"line":442,"column":null}},"65":{"start":{"line":313,"column":3},"end":{"line":313,"column":null}},"66":{"start":{"line":316,"column":3},"end":{"line":316,"column":null}},"67":{"start":{"line":318,"column":3},"end":{"line":320,"column":null}},"68":{"start":{"line":324,"column":3},"end":{"line":324,"column":null}},"69":{"start":{"line":326,"column":3},"end":{"line":328,"column":null}},"70":{"start":{"line":332,"column":3},"end":{"line":332,"column":null}},"71":{"start":{"line":334,"column":3},"end":{"line":336,"column":null}},"72":{"start":{"line":340,"column":3},"end":{"line":340,"column":null}},"73":{"start":{"line":342,"column":18},"end":{"line":345,"column":null}},"74":{"start":{"line":344,"column":20},"end":{"line":344,"column":37}},"75":{"start":{"line":347,"column":3},"end":{"line":351,"column":null}},"76":{"start":{"line":355,"column":3},"end":{"line":355,"column":null}},"77":{"start":{"line":357,"column":3},"end":{"line":360,"column":null}},"78":{"start":{"line":359,"column":20},"end":{"line":359,"column":37}},"79":{"start":{"line":362,"column":3},"end":{"line":366,"column":null}},"80":{"start":{"line":370,"column":3},"end":{"line":370,"column":null}},"81":{"start":{"line":372,"column":3},"end":{"line":375,"column":null}},"82":{"start":{"line":374,"column":20},"end":{"line":374,"column":37}},"83":{"start":{"line":377,"column":3},"end":{"line":381,"column":null}},"84":{"start":{"line":430,"column":19},"end":{"line":430,"column":null}},"85":{"start":{"line":433,"column":3},"end":{"line":433,"column":null}},"86":{"start":{"line":436,"column":3},"end":{"line":436,"column":null}},"87":{"start":{"line":439,"column":3},"end":{"line":439,"column":null}},"88":{"start":{"line":441,"column":3},"end":{"line":441,"column":null}},"89":{"start":{"line":449,"column":21},"end":{"line":449,"column":null}},"90":{"start":{"line":452,"column":12},"end":{"line":454,"column":null}},"91":{"start":{"line":460,"column":2},"end":{"line":504,"column":null}},"92":{"start":{"line":462,"column":3},"end":{"line":462,"column":null}},"93":{"start":{"line":465,"column":3},"end":{"line":465,"column":null}},"94":{"start":{"line":467,"column":3},"end":{"line":469,"column":null}},"95":{"start":{"line":473,"column":3},"end":{"line":473,"column":null}},"96":{"start":{"line":475,"column":3},"end":{"line":477,"column":null}},"97":{"start":{"line":481,"column":3},"end":{"line":481,"column":null}},"98":{"start":{"line":484,"column":3},"end":{"line":488,"column":null}},"99":{"start":{"line":492,"column":19},"end":{"line":492,"column":null}},"100":{"start":{"line":495,"column":3},"end":{"line":495,"column":null}},"101":{"start":{"line":498,"column":3},"end":{"line":498,"column":null}},"102":{"start":{"line":501,"column":3},"end":{"line":501,"column":null}},"103":{"start":{"line":503,"column":3},"end":{"line":503,"column":null}}},"fnMap":{"0":{"name":"(anonymous_0)","decl":{"start":{"line":18,"column":20},"end":{"line":18,"column":62}},"loc":{"start":{"line":18,"column":62},"end":{"line":73,"column":null}},"line":18},"1":{"name":"(anonymous_1)","decl":{"start":{"line":77,"column":20},"end":{"line":77,"column":null}},"loc":{"start":{"line":79,"column":34},"end":{"line":143,"column":null}},"line":79},"2":{"name":"(anonymous_2)","decl":{"start":{"line":146,"column":23},"end":{"line":146,"column":30}},"loc":{"start":{"line":146,"column":77},"end":{"line":178,"column":null}},"line":146},"3":{"name":"(anonymous_3)","decl":{"start":{"line":181,"column":17},"end":{"line":181,"column":null}},"loc":{"start":{"line":183,"column":38},"end":{"line":288,"column":null}},"line":183},"4":{"name":"(anonymous_4)","decl":{"start":{"line":233,"column":9},"end":{"line":233,"column":10}},"loc":{"start":{"line":233,"column":20},"end":{"line":233,"column":37}},"line":233},"5":{"name":"(anonymous_5)","decl":{"start":{"line":248,"column":9},"end":{"line":248,"column":10}},"loc":{"start":{"line":248,"column":20},"end":{"line":248,"column":37}},"line":248},"6":{"name":"(anonymous_6)","decl":{"start":{"line":263,"column":9},"end":{"line":263,"column":10}},"loc":{"start":{"line":263,"column":20},"end":{"line":263,"column":37}},"line":263},"7":{"name":"(anonymous_7)","decl":{"start":{"line":290,"column":17},"end":{"line":290,"column":null}},"loc":{"start":{"line":292,"column":38},"end":{"line":443,"column":null}},"line":292},"8":{"name":"(anonymous_8)","decl":{"start":{"line":344,"column":9},"end":{"line":344,"column":10}},"loc":{"start":{"line":344,"column":20},"end":{"line":344,"column":37}},"line":344},"9":{"name":"(anonymous_9)","decl":{"start":{"line":359,"column":9},"end":{"line":359,"column":10}},"loc":{"start":{"line":359,"column":20},"end":{"line":359,"column":37}},"line":359},"10":{"name":"(anonymous_10)","decl":{"start":{"line":374,"column":9},"end":{"line":374,"column":10}},"loc":{"start":{"line":374,"column":20},"end":{"line":374,"column":37}},"line":374},"11":{"name":"(anonymous_11)","decl":{"start":{"line":445,"column":17},"end":{"line":445,"column":null}},"loc":{"start":{"line":447,"column":38},"end":{"line":505,"column":null}},"line":447}},"branchMap":{},"s":{"0":1,"1":0,"2":0,"3":0,"4":1,"5":0,"6":0,"7":0,"8":0,"9":0,"10":0,"11":0,"12":0,"13":0,"14":0,"15":0,"16":0,"17":0,"18":0,"19":0,"20":0,"21":0,"22":0,"23":0,"24":0,"25":0,"26":0,"27":0,"28":0,"29":0,"30":0,"31":0,"32":0,"33":0,"34":0,"35":0,"36":0,"37":0,"38":0,"39":1,"40":1,"41":1,"42":1,"43":1,"44":1,"45":1,"46":1,"47":1,"48":1,"49":1,"50":1,"51":1,"52":1,"53":1,"54":1,"55":1,"56":1,"57":1,"58":1,"59":1,"60":0,"61":0,"62":0,"63":0,"64":0,"65":0,"66":0,"67":0,"68":0,"69":0,"70":0,"71":0,"72":0,"73":0,"74":0,"75":0,"76":0,"77":0,"78":0,"79":0,"80":0,"81":0,"82":0,"83":0,"84":0,"85":0,"86":0,"87":0,"88":0,"89":0,"90":0,"91":0,"92":0,"93":0,"94":0,"95":0,"96":0,"97":0,"98":0,"99":0,"100":0,"101":0,"102":0,"103":0},"f":{"0":0,"1":0,"2":0,"3":1,"4":1,"5":1,"6":1,"7":0,"8":0,"9":0,"10":0,"11":0},"b":{},"meta":{"lastBranch":0,"lastFunction":12,"lastStatement":104,"seen":{"s:15:17:15:Infinity":0,"s:18:20:73:Infinity":1,"s:77:20:143:Infinity":2,"s:146:23:178:Infinity":3,"s:181:17:288:Infinity":4,"s:290:17:443:Infinity":5,"s:445:17:505:Infinity":6,"f:18:20:18:62":0,"s:20:21:20:Infinity":7,"s:23:14:44:Infinity":8,"s:48:2:72:Infinity":9,"s:50:19:50:Infinity":10,"s:53:3:66:Infinity":11,"s:53:16:53:19":12,"s:55:20:55:Infinity":13,"s:58:4:60:Infinity":14,"s:63:4:65:Infinity":15,"s:69:3:69:Infinity":16,"s:71:3:71:Infinity":17,"f:77:20:77:Infinity":1,"s:81:21:81:Infinity":18,"s:88:14:110:Infinity":19,"s:113:2:142:Infinity":20,"s:116:19:116:Infinity":21,"s:118:19:118:Infinity":22,"s:121:3:123:Infinity":23,"s:126:3:128:Infinity":24,"s:130:3:132:Infinity":25,"s:134:3:136:Infinity":26,"s:139:3:139:Infinity":27,"s:141:3:141:Infinity":28,"f:146:23:146:30":2,"s:148:21:148:Infinity":29,"s:151:14:153:Infinity":30,"s:158:2:177:Infinity":31,"s:160:19:160:Infinity":32,"s:163:3:171:Infinity":33,"s:163:16:163:19":34,"s:165:20:165:Infinity":35,"s:168:4:170:Infinity":36,"s:174:3:174:Infinity":37,"s:176:3:176:Infinity":38,"f:181:17:181:Infinity":3,"s:185:21:185:Infinity":39,"s:188:12:189:Infinity":40,"s:201:2:287:Infinity":41,"s:203:3:203:Infinity":42,"s:206:3:206:Infinity":43,"s:209:3:209:Infinity":44,"s:210:3:210:Infinity":45,"s:231:18:234:Infinity":46,"f:233:9:233:10":4,"s:233:20:233:37":47,"s:236:3:240:Infinity":48,"s:244:3:244:Infinity":49,"s:246:3:249:Infinity":50,"f:248:9:248:10":5,"s:248:20:248:37":51,"s:251:3:255:Infinity":52,"s:259:3:259:Infinity":53,"s:261:3:264:Infinity":54,"f:263:9:263:10":6,"s:263:20:263:37":55,"s:266:3:270:Infinity":56,"s:275:19:275:Infinity":57,"s:278:3:278:Infinity":58,"s:281:3:281:Infinity":59,"s:284:3:284:Infinity":60,"s:286:3:286:Infinity":61,"f:290:17:290:Infinity":7,"s:294:21:294:Infinity":62,"s:297:12:307:Infinity":63,"s:311:2:442:Infinity":64,"s:313:3:313:Infinity":65,"s:316:3:316:Infinity":66,"s:318:3:320:Infinity":67,"s:324:3:324:Infinity":68,"s:326:3:328:Infinity":69,"s:332:3:332:Infinity":70,"s:334:3:336:Infinity":71,"s:340:3:340:Infinity":72,"s:342:18:345:Infinity":73,"f:344:9:344:10":8,"s:344:20:344:37":74,"s:347:3:351:Infinity":75,"s:355:3:355:Infinity":76,"s:357:3:360:Infinity":77,"f:359:9:359:10":9,"s:359:20:359:37":78,"s:362:3:366:Infinity":79,"s:370:3:370:Infinity":80,"s:372:3:375:Infinity":81,"f:374:9:374:10":10,"s:374:20:374:37":82,"s:377:3:381:Infinity":83,"s:430:19:430:Infinity":84,"s:433:3:433:Infinity":85,"s:436:3:436:Infinity":86,"s:439:3:439:Infinity":87,"s:441:3:441:Infinity":88,"f:445:17:445:Infinity":11,"s:449:21:449:Infinity":89,"s:452:12:454:Infinity":90,"s:460:2:504:Infinity":91,"s:462:3:462:Infinity":92,"s:465:3:465:Infinity":93,"s:467:3:469:Infinity":94,"s:473:3:473:Infinity":95,"s:475:3:477:Infinity":96,"s:481:3:481:Infinity":97,"s:484:3:488:Infinity":98,"s:492:19:492:Infinity":99,"s:495:3:495:Infinity":100,"s:498:3:498:Infinity":101,"s:501:3:501:Infinity":102,"s:503:3:503:Infinity":103}}}
,"/app/server/repository/role_repository.ts": {"path":"/app/server/repository/role_repository.ts","statementMap":{"0":{"start":{"line":6,"column":17},"end":{"line":6,"column":null}},"1":{"start":{"line":9,"column":20},"end":{"line":27,"column":null}},"2":{"start":{"line":31,"column":20},"end":{"line":56,"column":null}},"3":{"start":{"line":11,"column":21},"end":{"line":11,"column":null}},"4":{"start":{"line":14,"column":14},"end":{"line":15,"column":null}},"5":{"start":{"line":18,"column":2},"end":{"line":26,"column":null}},"6":{"start":{"line":20,"column":19},"end":{"line":20,"column":null}},"7":{"start":{"line":23,"column":3},"end":{"line":23,"column":null}},"8":{"start":{"line":25,"column":3},"end":{"line":25,"column":null}},"9":{"start":{"line":33,"column":21},"end":{"line":33,"column":null}},"10":{"start":{"line":39,"column":14},"end":{"line":42,"column":null}},"11":{"start":{"line":45,"column":2},"end":{"line":55,"column":null}},"12":{"start":{"line":48,"column":19},"end":{"line":48,"column":null}},"13":{"start":{"line":50,"column":19},"end":{"line":50,"column":null}},"14":{"start":{"line":52,"column":3},"end":{"line":52,"column":null}},"15":{"start":{"line":54,"column":3},"end":{"line":54,"column":null}}},"fnMap":{"0":{"name":"(anonymous_0)","decl":{"start":{"line":9,"column":20},"end":{"line":9,"column":59}},"loc":{"start":{"line":9,"column":59},"end":{"line":27,"column":null}},"line":9},"1":{"name":"(anonymous_1)","decl":{"start":{"line":31,"column":20},"end":{"line":31,"column":27}},"loc":{"start":{"line":31,"column":76},"end":{"line":56,"column":null}},"line":31}},"branchMap":{},"s":{"0":0,"1":0,"2":0,"3":0,"4":0,"5":0,"6":0,"7":0,"8":0,"9":0,"10":0,"11":0,"12":0,"13":0,"14":0,"15":0},"f":{"0":0,"1":0},"b":{},"meta":{"lastBranch":0,"lastFunction":2,"lastStatement":16,"seen":{"s:6:17:6:Infinity":0,"s:9:20:27:Infinity":1,"s:31:20:56:Infinity":2,"f:9:20:9:59":0,"s:11:21:11:Infinity":3,"s:14:14:15:Infinity":4,"s:18:2:26:Infinity":5,"s:20:19:20:Infinity":6,"s:23:3:23:Infinity":7,"s:25:3:25:Infinity":8,"f:31:20:31:27":1,"s:33:21:33:Infinity":9,"s:39:14:42:Infinity":10,"s:45:2:55:Infinity":11,"s:48:19:48:Infinity":12,"s:50:19:50:Infinity":13,"s:52:3:52:Infinity":14,"s:54:3:54:Infinity":15}}}
,"/app/server/repository/security_repository.ts": {"path":"/app/server/repository/security_repository.ts","statementMap":{"0":{"start":{"line":11,"column":17},"end":{"line":11,"column":null}},"1":{"start":{"line":14,"column":19},"end":{"line":43,"column":null}},"2":{"start":{"line":45,"column":28},"end":{"line":70,"column":null}},"3":{"start":{"line":74,"column":27},"end":{"line":109,"column":null}},"4":{"start":{"line":18,"column":21},"end":{"line":18,"column":null}},"5":{"start":{"line":22,"column":14},"end":{"line":23,"column":null}},"6":{"start":{"line":34,"column":2},"end":{"line":42,"column":null}},"7":{"start":{"line":36,"column":19},"end":{"line":36,"column":null}},"8":{"start":{"line":39,"column":3},"end":{"line":39,"column":null}},"9":{"start":{"line":41,"column":3},"end":{"line":41,"column":null}},"10":{"start":{"line":49,"column":21},"end":{"line":49,"column":null}},"11":{"start":{"line":52,"column":14},"end":{"line":55,"column":null}},"12":{"start":{"line":59,"column":2},"end":{"line":69,"column":null}},"13":{"start":{"line":61,"column":19},"end":{"line":61,"column":null}},"14":{"start":{"line":65,"column":3},"end":{"line":65,"column":null}},"15":{"start":{"line":65,"column":33},"end":{"line":65,"column":null}},"16":{"start":{"line":66,"column":3},"end":{"line":66,"column":null}},"17":{"start":{"line":68,"column":3},"end":{"line":68,"column":null}},"18":{"start":{"line":78,"column":21},"end":{"line":78,"column":null}},"19":{"start":{"line":84,"column":14},"end":{"line":87,"column":null}},"20":{"start":{"line":90,"column":2},"end":{"line":108,"column":null}},"21":{"start":{"line":93,"column":19},"end":{"line":93,"column":null}},"22":{"start":{"line":95,"column":19},"end":{"line":95,"column":null}},"23":{"start":{"line":96,"column":3},"end":{"line":98,"column":null}},"24":{"start":{"line":100,"column":3},"end":{"line":102,"column":null}},"25":{"start":{"line":105,"column":3},"end":{"line":105,"column":null}},"26":{"start":{"line":107,"column":3},"end":{"line":107,"column":null}}},"fnMap":{"0":{"name":"(anonymous_0)","decl":{"start":{"line":14,"column":19},"end":{"line":14,"column":null}},"loc":{"start":{"line":16,"column":38},"end":{"line":43,"column":null}},"line":16},"1":{"name":"(anonymous_1)","decl":{"start":{"line":45,"column":28},"end":{"line":45,"column":null}},"loc":{"start":{"line":47,"column":34},"end":{"line":70,"column":null}},"line":47},"2":{"name":"(anonymous_2)","decl":{"start":{"line":74,"column":27},"end":{"line":74,"column":null}},"loc":{"start":{"line":76,"column":31},"end":{"line":109,"column":null}},"line":76}},"branchMap":{"0":{"loc":{"start":{"line":65,"column":3},"end":{"line":65,"column":null}},"type":"if","locations":[{"start":{"line":65,"column":3},"end":{"line":65,"column":null}},{"start":{},"end":{}}],"line":65}},"s":{"0":0,"1":0,"2":0,"3":0,"4":0,"5":0,"6":0,"7":0,"8":0,"9":0,"10":0,"11":0,"12":0,"13":0,"14":0,"15":0,"16":0,"17":0,"18":0,"19":0,"20":0,"21":0,"22":0,"23":0,"24":0,"25":0,"26":0},"f":{"0":0,"1":0,"2":0},"b":{"0":[0,0]},"meta":{"lastBranch":1,"lastFunction":3,"lastStatement":27,"seen":{"s:11:17:11:Infinity":0,"s:14:19:43:Infinity":1,"s:45:28:70:Infinity":2,"s:74:27:109:Infinity":3,"f:14:19:14:Infinity":0,"s:18:21:18:Infinity":4,"s:22:14:23:Infinity":5,"s:34:2:42:Infinity":6,"s:36:19:36:Infinity":7,"s:39:3:39:Infinity":8,"s:41:3:41:Infinity":9,"f:45:28:45:Infinity":1,"s:49:21:49:Infinity":10,"s:52:14:55:Infinity":11,"s:59:2:69:Infinity":12,"s:61:19:61:Infinity":13,"b:65:3:65:Infinity:undefined:undefined:undefined:undefined":0,"s:65:3:65:Infinity":14,"s:65:33:65:Infinity":15,"s:66:3:66:Infinity":16,"s:68:3:68:Infinity":17,"f:74:27:74:Infinity":2,"s:78:21:78:Infinity":18,"s:84:14:87:Infinity":19,"s:90:2:108:Infinity":20,"s:93:19:93:Infinity":21,"s:95:19:95:Infinity":22,"s:96:3:98:Infinity":23,"s:100:3:102:Infinity":24,"s:105:3:105:Infinity":25,"s:107:3:107:Infinity":26}}}
,"/app/server/repository/skin_repository.ts": {"path":"/app/server/repository/skin_repository.ts","statementMap":{"0":{"start":{"line":8,"column":17},"end":{"line":8,"column":null}},"1":{"start":{"line":11,"column":20},"end":{"line":71,"column":null}},"2":{"start":{"line":75,"column":20},"end":{"line":117,"column":null}},"3":{"start":{"line":119,"column":23},"end":{"line":140,"column":null}},"4":{"start":{"line":13,"column":21},"end":{"line":13,"column":null}},"5":{"start":{"line":39,"column":14},"end":{"line":47,"column":null}},"6":{"start":{"line":52,"column":2},"end":{"line":70,"column":null}},"7":{"start":{"line":54,"column":19},"end":{"line":54,"column":null}},"8":{"start":{"line":56,"column":3},"end":{"line":64,"column":null}},"9":{"start":{"line":56,"column":16},"end":{"line":56,"column":19}},"10":{"start":{"line":58,"column":20},"end":{"line":58,"column":null}},"11":{"start":{"line":61,"column":4},"end":{"line":63,"column":null}},"12":{"start":{"line":67,"column":3},"end":{"line":67,"column":null}},"13":{"start":{"line":69,"column":3},"end":{"line":69,"column":null}},"14":{"start":{"line":77,"column":21},"end":{"line":77,"column":null}},"15":{"start":{"line":89,"column":14},"end":{"line":98,"column":null}},"16":{"start":{"line":103,"column":2},"end":{"line":116,"column":null}},"17":{"start":{"line":106,"column":19},"end":{"line":106,"column":null}},"18":{"start":{"line":108,"column":19},"end":{"line":108,"column":null}},"19":{"start":{"line":109,"column":3},"end":{"line":111,"column":null}},"20":{"start":{"line":113,"column":3},"end":{"line":113,"column":null}},"21":{"start":{"line":115,"column":3},"end":{"line":115,"column":null}},"22":{"start":{"line":121,"column":21},"end":{"line":121,"column":null}},"23":{"start":{"line":124,"column":14},"end":{"line":126,"column":null}},"24":{"start":{"line":131,"column":2},"end":{"line":139,"column":null}},"25":{"start":{"line":133,"column":19},"end":{"line":133,"column":null}},"26":{"start":{"line":136,"column":3},"end":{"line":136,"column":null}},"27":{"start":{"line":138,"column":3},"end":{"line":138,"column":null}}},"fnMap":{"0":{"name":"(anonymous_0)","decl":{"start":{"line":11,"column":20},"end":{"line":11,"column":59}},"loc":{"start":{"line":11,"column":59},"end":{"line":71,"column":null}},"line":11},"1":{"name":"(anonymous_1)","decl":{"start":{"line":75,"column":20},"end":{"line":75,"column":27}},"loc":{"start":{"line":75,"column":76},"end":{"line":117,"column":null}},"line":75},"2":{"name":"(anonymous_2)","decl":{"start":{"line":119,"column":23},"end":{"line":119,"column":30}},"loc":{"start":{"line":119,"column":74},"end":{"line":140,"column":null}},"line":119}},"branchMap":{},"s":{"0":0,"1":0,"2":0,"3":0,"4":0,"5":0,"6":0,"7":0,"8":0,"9":0,"10":0,"11":0,"12":0,"13":0,"14":0,"15":0,"16":0,"17":0,"18":0,"19":0,"20":0,"21":0,"22":0,"23":0,"24":0,"25":0,"26":0,"27":0},"f":{"0":0,"1":0,"2":0},"b":{},"meta":{"lastBranch":0,"lastFunction":3,"lastStatement":28,"seen":{"s:8:17:8:Infinity":0,"s:11:20:71:Infinity":1,"s:75:20:117:Infinity":2,"s:119:23:140:Infinity":3,"f:11:20:11:59":0,"s:13:21:13:Infinity":4,"s:39:14:47:Infinity":5,"s:52:2:70:Infinity":6,"s:54:19:54:Infinity":7,"s:56:3:64:Infinity":8,"s:56:16:56:19":9,"s:58:20:58:Infinity":10,"s:61:4:63:Infinity":11,"s:67:3:67:Infinity":12,"s:69:3:69:Infinity":13,"f:75:20:75:27":1,"s:77:21:77:Infinity":14,"s:89:14:98:Infinity":15,"s:103:2:116:Infinity":16,"s:106:19:106:Infinity":17,"s:108:19:108:Infinity":18,"s:109:3:111:Infinity":19,"s:113:3:113:Infinity":20,"s:115:3:115:Infinity":21,"f:119:23:119:30":2,"s:121:21:121:Infinity":22,"s:124:14:126:Infinity":23,"s:131:2:139:Infinity":24,"s:133:19:133:Infinity":25,"s:136:3:136:Infinity":26,"s:138:3:138:Infinity":27}}}
,"/app/server/repository/user_repository.ts": {"path":"/app/server/repository/user_repository.ts","statementMap":{"0":{"start":{"line":8,"column":17},"end":{"line":8,"column":null}},"1":{"start":{"line":11,"column":20},"end":{"line":29,"column":null}},"2":{"start":{"line":33,"column":20},"end":{"line":63,"column":null}},"3":{"start":{"line":13,"column":21},"end":{"line":13,"column":null}},"4":{"start":{"line":16,"column":14},"end":{"line":17,"column":null}},"5":{"start":{"line":20,"column":2},"end":{"line":28,"column":null}},"6":{"start":{"line":22,"column":19},"end":{"line":22,"column":null}},"7":{"start":{"line":25,"column":3},"end":{"line":25,"column":null}},"8":{"start":{"line":27,"column":3},"end":{"line":27,"column":null}},"9":{"start":{"line":35,"column":21},"end":{"line":35,"column":null}},"10":{"start":{"line":41,"column":14},"end":{"line":44,"column":null}},"11":{"start":{"line":47,"column":2},"end":{"line":62,"column":null}},"12":{"start":{"line":50,"column":19},"end":{"line":50,"column":null}},"13":{"start":{"line":52,"column":19},"end":{"line":52,"column":null}},"14":{"start":{"line":54,"column":3},"end":{"line":56,"column":null}},"15":{"start":{"line":59,"column":3},"end":{"line":59,"column":null}},"16":{"start":{"line":61,"column":3},"end":{"line":61,"column":null}}},"fnMap":{"0":{"name":"(anonymous_0)","decl":{"start":{"line":11,"column":20},"end":{"line":11,"column":59}},"loc":{"start":{"line":11,"column":59},"end":{"line":29,"column":null}},"line":11},"1":{"name":"(anonymous_1)","decl":{"start":{"line":33,"column":20},"end":{"line":33,"column":27}},"loc":{"start":{"line":33,"column":76},"end":{"line":63,"column":null}},"line":33}},"branchMap":{},"s":{"0":0,"1":0,"2":0,"3":0,"4":0,"5":0,"6":0,"7":0,"8":0,"9":0,"10":0,"11":0,"12":0,"13":0,"14":0,"15":0,"16":0},"f":{"0":0,"1":0},"b":{},"meta":{"lastBranch":0,"lastFunction":2,"lastStatement":17,"seen":{"s:8:17:8:Infinity":0,"s:11:20:29:Infinity":1,"s:33:20:63:Infinity":2,"f:11:20:11:59":0,"s:13:21:13:Infinity":3,"s:16:14:17:Infinity":4,"s:20:2:28:Infinity":5,"s:22:19:22:Infinity":6,"s:25:3:25:Infinity":7,"s:27:3:27:Infinity":8,"f:33:20:33:27":1,"s:35:21:35:Infinity":9,"s:41:14:44:Infinity":10,"s:47:2:62:Infinity":11,"s:50:19:50:Infinity":12,"s:52:19:52:Infinity":13,"s:54:3:56:Infinity":14,"s:59:3:59:Infinity":15,"s:61:3:61:Infinity":16}}}
,"/app/server/router/body_part_router.ts": {"path":"/app/server/router/body_part_router.ts","statementMap":{"0":{"start":{"line":6,"column":18},"end":{"line":6,"column":null}},"1":{"start":{"line":9,"column":20},"end":{"line":19,"column":null}},"2":{"start":{"line":11,"column":2},"end":{"line":11,"column":null}},"3":{"start":{"line":15,"column":2},"end":{"line":15,"column":null}},"4":{"start":{"line":18,"column":2},"end":{"line":18,"column":null}}},"fnMap":{"0":{"name":"(anonymous_0)","decl":{"start":{"line":9,"column":20},"end":{"line":9,"column":26}},"loc":{"start":{"line":9,"column":26},"end":{"line":19,"column":null}},"line":9}},"branchMap":{},"s":{"0":2,"1":2,"2":2,"3":2,"4":2},"f":{"0":2},"b":{},"meta":{"lastBranch":0,"lastFunction":1,"lastStatement":5,"seen":{"s:6:18:6:Infinity":0,"s:9:20:19:Infinity":1,"f:9:20:9:26":0,"s:11:2:11:Infinity":2,"s:15:2:15:Infinity":3,"s:18:2:18:Infinity":4}}}
,"/app/server/router/category_router.ts": {"path":"/app/server/router/category_router.ts","statementMap":{"0":{"start":{"line":6,"column":18},"end":{"line":6,"column":null}},"1":{"start":{"line":9,"column":20},"end":{"line":19,"column":null}},"2":{"start":{"line":11,"column":2},"end":{"line":11,"column":null}},"3":{"start":{"line":15,"column":2},"end":{"line":15,"column":null}},"4":{"start":{"line":18,"column":2},"end":{"line":18,"column":null}}},"fnMap":{"0":{"name":"(anonymous_0)","decl":{"start":{"line":9,"column":20},"end":{"line":9,"column":26}},"loc":{"start":{"line":9,"column":26},"end":{"line":19,"column":null}},"line":9}},"branchMap":{},"s":{"0":2,"1":2,"2":2,"3":2,"4":2},"f":{"0":2},"b":{},"meta":{"lastBranch":0,"lastFunction":1,"lastStatement":5,"seen":{"s:6:18:6:Infinity":0,"s:9:20:19:Infinity":1,"f:9:20:9:26":0,"s:11:2:11:Infinity":2,"s:15:2:15:Infinity":3,"s:18:2:18:Infinity":4}}}
,"/app/server/router/contact_router.ts": {"path":"/app/server/router/contact_router.ts","statementMap":{"0":{"start":{"line":6,"column":18},"end":{"line":6,"column":null}},"1":{"start":{"line":9,"column":20},"end":{"line":20,"column":null}},"2":{"start":{"line":11,"column":2},"end":{"line":11,"column":null}},"3":{"start":{"line":12,"column":2},"end":{"line":12,"column":null}},"4":{"start":{"line":19,"column":2},"end":{"line":19,"column":null}}},"fnMap":{"0":{"name":"(anonymous_0)","decl":{"start":{"line":9,"column":20},"end":{"line":9,"column":26}},"loc":{"start":{"line":9,"column":26},"end":{"line":20,"column":null}},"line":9}},"branchMap":{},"s":{"0":2,"1":2,"2":2,"3":2,"4":2},"f":{"0":2},"b":{},"meta":{"lastBranch":0,"lastFunction":1,"lastStatement":5,"seen":{"s:6:18:6:Infinity":0,"s:9:20:20:Infinity":1,"f:9:20:9:26":0,"s:11:2:11:Infinity":2,"s:12:2:12:Infinity":3,"s:19:2:19:Infinity":4}}}
,"/app/server/router/homepage_router.ts": {"path":"/app/server/router/homepage_router.ts","statementMap":{"0":{"start":{"line":6,"column":18},"end":{"line":6,"column":null}},"1":{"start":{"line":9,"column":20},"end":{"line":15,"column":null}},"2":{"start":{"line":11,"column":2},"end":{"line":11,"column":null}},"3":{"start":{"line":14,"column":2},"end":{"line":14,"column":null}}},"fnMap":{"0":{"name":"(anonymous_0)","decl":{"start":{"line":9,"column":20},"end":{"line":9,"column":26}},"loc":{"start":{"line":9,"column":26},"end":{"line":15,"column":null}},"line":9}},"branchMap":{},"s":{"0":2,"1":2,"2":2,"3":2},"f":{"0":2},"b":{},"meta":{"lastBranch":0,"lastFunction":1,"lastStatement":4,"seen":{"s:6:18:6:Infinity":0,"s:9:20:15:Infinity":1,"f:9:20:9:26":0,"s:11:2:11:Infinity":2,"s:14:2:14:Infinity":3}}}
,"/app/server/router/pack_router.ts": {"path":"/app/server/router/pack_router.ts","statementMap":{"0":{"start":{"line":6,"column":18},"end":{"line":6,"column":null}},"1":{"start":{"line":9,"column":20},"end":{"line":19,"column":null}},"2":{"start":{"line":11,"column":2},"end":{"line":11,"column":null}},"3":{"start":{"line":15,"column":2},"end":{"line":15,"column":null}},"4":{"start":{"line":18,"column":2},"end":{"line":18,"column":null}}},"fnMap":{"0":{"name":"(anonymous_0)","decl":{"start":{"line":9,"column":20},"end":{"line":9,"column":26}},"loc":{"start":{"line":9,"column":26},"end":{"line":19,"column":null}},"line":9}},"branchMap":{},"s":{"0":2,"1":2,"2":2,"3":2,"4":2},"f":{"0":2},"b":{},"meta":{"lastBranch":0,"lastFunction":1,"lastStatement":5,"seen":{"s:6:18:6:Infinity":0,"s:9:20:19:Infinity":1,"f:9:20:9:26":0,"s:11:2:11:Infinity":2,"s:15:2:15:Infinity":3,"s:18:2:18:Infinity":4}}}
,"/app/server/router/product_router.ts": {"path":"/app/server/router/product_router.ts","statementMap":{"0":{"start":{"line":8,"column":18},"end":{"line":8,"column":null}},"1":{"start":{"line":13,"column":9},"end":{"line":13,"column":null}},"2":{"start":{"line":16,"column":20},"end":{"line":48,"column":null}},"3":{"start":{"line":18,"column":2},"end":{"line":18,"column":null}},"4":{"start":{"line":22,"column":2},"end":{"line":22,"column":null}},"5":{"start":{"line":26,"column":2},"end":{"line":31,"column":null}},"6":{"start":{"line":33,"column":2},"end":{"line":38,"column":null}},"7":{"start":{"line":40,"column":2},"end":{"line":44,"column":null}},"8":{"start":{"line":47,"column":2},"end":{"line":47,"column":null}}},"fnMap":{"0":{"name":"(anonymous_0)","decl":{"start":{"line":16,"column":20},"end":{"line":16,"column":26}},"loc":{"start":{"line":16,"column":26},"end":{"line":48,"column":null}},"line":16}},"branchMap":{},"s":{"0":2,"1":2,"2":2,"3":2,"4":2,"5":2,"6":2,"7":2,"8":2},"f":{"0":2},"b":{},"meta":{"lastBranch":0,"lastFunction":1,"lastStatement":9,"seen":{"s:8:18:8:Infinity":0,"s:13:9:13:Infinity":1,"s:16:20:48:Infinity":2,"f:16:20:16:26":0,"s:18:2:18:Infinity":3,"s:22:2:22:Infinity":4,"s:26:2:31:Infinity":5,"s:33:2:38:Infinity":6,"s:40:2:44:Infinity":7,"s:47:2:47:Infinity":8}}}
,"/app/server/router/role_router.ts": {"path":"/app/server/router/role_router.ts","statementMap":{"0":{"start":{"line":6,"column":18},"end":{"line":6,"column":null}},"1":{"start":{"line":9,"column":20},"end":{"line":19,"column":null}},"2":{"start":{"line":11,"column":2},"end":{"line":11,"column":null}},"3":{"start":{"line":15,"column":2},"end":{"line":15,"column":null}},"4":{"start":{"line":18,"column":2},"end":{"line":18,"column":null}}},"fnMap":{"0":{"name":"(anonymous_0)","decl":{"start":{"line":9,"column":20},"end":{"line":9,"column":26}},"loc":{"start":{"line":9,"column":26},"end":{"line":19,"column":null}},"line":9}},"branchMap":{},"s":{"0":2,"1":2,"2":2,"3":2,"4":2},"f":{"0":2},"b":{},"meta":{"lastBranch":0,"lastFunction":1,"lastStatement":5,"seen":{"s:6:18:6:Infinity":0,"s:9:20:19:Infinity":1,"f:9:20:9:26":0,"s:11:2:11:Infinity":2,"s:15:2:15:Infinity":3,"s:18:2:18:Infinity":4}}}
,"/app/server/router/security_router.ts": {"path":"/app/server/router/security_router.ts","statementMap":{"0":{"start":{"line":6,"column":18},"end":{"line":6,"column":null}},"1":{"start":{"line":9,"column":20},"end":{"line":16,"column":null}},"2":{"start":{"line":11,"column":2},"end":{"line":11,"column":null}},"3":{"start":{"line":12,"column":2},"end":{"line":12,"column":null}},"4":{"start":{"line":15,"column":2},"end":{"line":15,"column":null}}},"fnMap":{"0":{"name":"(anonymous_0)","decl":{"start":{"line":9,"column":20},"end":{"line":9,"column":26}},"loc":{"start":{"line":9,"column":26},"end":{"line":16,"column":null}},"line":9}},"branchMap":{},"s":{"0":2,"1":2,"2":2,"3":2,"4":2},"f":{"0":2},"b":{},"meta":{"lastBranch":0,"lastFunction":1,"lastStatement":5,"seen":{"s:6:18:6:Infinity":0,"s:9:20:16:Infinity":1,"f:9:20:9:26":0,"s:11:2:11:Infinity":2,"s:12:2:12:Infinity":3,"s:15:2:15:Infinity":4}}}
,"/app/server/router/skin_router.ts": {"path":"/app/server/router/skin_router.ts","statementMap":{"0":{"start":{"line":6,"column":18},"end":{"line":6,"column":null}},"1":{"start":{"line":9,"column":20},"end":{"line":19,"column":null}},"2":{"start":{"line":11,"column":2},"end":{"line":11,"column":null}},"3":{"start":{"line":15,"column":2},"end":{"line":15,"column":null}},"4":{"start":{"line":18,"column":2},"end":{"line":18,"column":null}}},"fnMap":{"0":{"name":"(anonymous_0)","decl":{"start":{"line":9,"column":20},"end":{"line":9,"column":26}},"loc":{"start":{"line":9,"column":26},"end":{"line":19,"column":null}},"line":9}},"branchMap":{},"s":{"0":2,"1":2,"2":2,"3":2,"4":2},"f":{"0":2},"b":{},"meta":{"lastBranch":0,"lastFunction":1,"lastStatement":5,"seen":{"s:6:18:6:Infinity":0,"s:9:20:19:Infinity":1,"f:9:20:9:26":0,"s:11:2:11:Infinity":2,"s:15:2:15:Infinity":3,"s:18:2:18:Infinity":4}}}
,"/app/server/router/user_router.ts": {"path":"/app/server/router/user_router.ts","statementMap":{"0":{"start":{"line":6,"column":18},"end":{"line":6,"column":null}},"1":{"start":{"line":9,"column":20},"end":{"line":19,"column":null}},"2":{"start":{"line":11,"column":2},"end":{"line":11,"column":null}},"3":{"start":{"line":15,"column":2},"end":{"line":15,"column":null}},"4":{"start":{"line":18,"column":2},"end":{"line":18,"column":null}}},"fnMap":{"0":{"name":"(anonymous_0)","decl":{"start":{"line":9,"column":20},"end":{"line":9,"column":26}},"loc":{"start":{"line":9,"column":26},"end":{"line":19,"column":null}},"line":9}},"branchMap":{},"s":{"0":2,"1":2,"2":2,"3":2,"4":2},"f":{"0":2},"b":{},"meta":{"lastBranch":0,"lastFunction":1,"lastStatement":5,"seen":{"s:6:18:6:Infinity":0,"s:9:20:19:Infinity":1,"f:9:20:9:26":0,"s:11:2:11:Infinity":2,"s:15:2:15:Infinity":3,"s:18:2:18:Infinity":4}}}
,"/app/server/service/file_service.ts": {"path":"/app/server/service/file_service.ts","statementMap":{"0":{"start":{"line":24,"column":17},"end":{"line":32,"column":null}},"1":{"start":{"line":26,"column":19},"end":{"line":26,"column":null}},"2":{"start":{"line":29,"column":2},"end":{"line":29,"column":null}},"3":{"start":{"line":31,"column":2},"end":{"line":31,"column":null}}},"fnMap":{"0":{"name":"(anonymous_0)","decl":{"start":{"line":24,"column":17},"end":{"line":24,"column":24}},"loc":{"start":{"line":24,"column":71},"end":{"line":32,"column":null}},"line":24}},"branchMap":{},"s":{"0":1,"1":1,"2":1,"3":1},"f":{"0":1},"b":{},"meta":{"lastBranch":0,"lastFunction":1,"lastStatement":4,"seen":{"s:24:17:32:Infinity":0,"f:24:17:24:24":0,"s:26:19:26:Infinity":1,"s:29:2:29:Infinity":2,"s:31:2:31:Infinity":3}}}
,"/app/server/service/mysql_service.ts": {"path":"/app/server/service/mysql_service.ts","statementMap":{"0":{"start":{"line":9,"column":18},"end":{"line":25,"column":null}},"1":{"start":{"line":11,"column":2},"end":{"line":21,"column":null}},"2":{"start":{"line":12,"column":3},"end":{"line":20,"column":null}},"3":{"start":{"line":24,"column":2},"end":{"line":24,"column":null}}},"fnMap":{"0":{"name":"(anonymous_0)","decl":{"start":{"line":9,"column":18},"end":{"line":9,"column":30}},"loc":{"start":{"line":9,"column":30},"end":{"line":25,"column":null}},"line":9}},"branchMap":{"0":{"loc":{"start":{"line":11,"column":2},"end":{"line":21,"column":null}},"type":"if","locations":[{"start":{"line":11,"column":2},"end":{"line":21,"column":null}},{"start":{},"end":{}}],"line":11}},"s":{"0":1,"1":1,"2":1,"3":1},"f":{"0":1},"b":{"0":[1,0]},"meta":{"lastBranch":1,"lastFunction":1,"lastStatement":4,"seen":{"s:9:18:25:Infinity":0,"f:9:18:9:30":0,"b:11:2:21:Infinity:undefined:undefined:undefined:undefined":0,"s:11:2:21:Infinity":1,"s:12:3:20:Infinity":2,"s:24:2:24:Infinity":3}}}
}
